2026-04-26 11:42:52 | INFO     | logger.configurar                   | Logger iniciado → logs\mlb_2026-04-26.log
2026-04-26 11:43:00 | INFO     | main.main                           | =======================================================
2026-04-26 11:43:00 | INFO     | main.main                           | Iniciando análisis de predicciones MLB
2026-04-26 11:43:00 | INFO     | main.main                           | =======================================================
2026-04-26 11:43:00 | INFO     | main.main                           | Cargando stats avanzadas (FIP, wRC+)...
2026-04-26 11:43:00 | INFO     | statcast.cargar_statcast            | Calculando FIP y stats avanzadas via MLB API (2026)...
2026-04-26 11:43:43 | INFO     | statcast.cargar_statcast            | 30 equipos cargados con stats avanzadas.
2026-04-26 11:43:43 | INFO     | main.main                           | Analizando pitchers del día...
2026-04-26 11:43:45 | DEBUG    | pitching.get_pitcher_stats          | Kyle Bradish: ERA temp=3.86 | ERA últ.3 sal.=2.795 | ERA efectiva=3.434
2026-04-26 11:43:46 | DEBUG    | pitching.get_pitcher_stats          | Connelly Early: ERA temp=2.88 | ERA últ.3 sal.=2.961 | ERA efectiva=2.912
2026-04-26 11:43:47 | DEBUG    | bullpen.obtener_bullpen             | Bullpen Baltimore Orioles: ERA=4.257 WHIP=1.395 IP=560.5 (22 relievers)
2026-04-26 11:43:48 | DEBUG    | bullpen.obtener_bullpen             | Bullpen Boston Red Sox: ERA=3.247 WHIP=1.208 IP=529.2 (17 relievers)
2026-04-26 11:43:49 | DEBUG    | pitching.get_pitcher_stats          | Chris Sale: ERA temp=2.7 | ERA últ.3 sal.=1.286 | ERA efectiva=2.134
2026-04-26 11:43:50 | DEBUG    | pitching.get_pitcher_stats          | Aaron Nola: ERA temp=5.06 | ERA últ.3 sal.=6.556 | ERA efectiva=5.658
2026-04-26 11:43:51 | DEBUG    | bullpen.obtener_bullpen             | Bullpen Atlanta Braves: ERA=3.986 WHIP=1.229 IP=531.3 (18 relievers)
2026-04-26 11:43:52 | DEBUG    | bullpen.obtener_bullpen             | Bullpen Philadelphia Phillies: ERA=4.234 WHIP=1.312 IP=478.5 (16 relievers)
2026-04-26 11:43:53 | DEBUG    | pitching.get_pitcher_stats          | Patrick Corbin: ERA temp=3.52 | ERA últ.3 sal.=3.803 | ERA efectiva=3.633
2026-04-26 11:43:54 | DEBUG    | pitching.get_pitcher_stats          | Slade Cecconi: ERA temp=6.2 | ERA últ.3 sal.=7.021 | ERA efectiva=6.528
2026-04-26 11:43:55 | DEBUG    | bullpen.obtener_bullpen             | Bullpen Toronto Blue Jays: ERA=3.963 WHIP=1.273 IP=535.7 (18 relievers)
2026-04-26 11:43:55 | DEBUG    | bullpen.obtener_bullpen             | Bullpen Cleveland Guardians: ERA=3.314 WHIP=1.208 IP=518.7 (13 relievers)
2026-04-26 11:43:57 | DEBUG    | pitching.get_pitcher_stats          | Rhett Lowder: ERA temp=3.07 | ERA últ.3 sal.=4.162 | ERA efectiva=3.507
2026-04-26 11:43:58 | DEBUG    | pitching.get_pitcher_stats          | Keider Montero: ERA temp=3.68 | ERA últ.3 sal.=3.663 | ERA efectiva=3.673
2026-04-26 11:43:59 | DEBUG    | bullpen.obtener_bullpen             | Bullpen Cincinnati Reds: ERA=3.917 WHIP=1.299 IP=530.5 (15 relievers)
2026-04-26 11:43:59 | DEBUG    | bullpen.obtener_bullpen             | Bullpen Detroit Tigers: ERA=3.701 WHIP=1.254 IP=569.7 (18 relievers)
2026-04-26 11:44:01 | DEBUG    | pitching.get_pitcher_stats          | Nolan McLean: ERA temp=2.61 | ERA últ.3 sal.=2.798 | ERA efectiva=2.685
2026-04-26 11:44:02 | DEBUG    | pitching.get_pitcher_stats          | Jose Quintana: ERA temp=6.23 | ERA últ.3 sal.=6.585 | ERA efectiva=6.372
2026-04-26 11:44:03 | DEBUG    | bullpen.obtener_bullpen             | Bullpen New York Mets: ERA=3.55 WHIP=1.232 IP=591.1 (23 relievers)
2026-04-26 11:44:03 | DEBUG    | bullpen.obtener_bullpen             | Bullpen Colorado Rockies: ERA=5.108 WHIP=1.482 IP=597.2 (16 relievers)
2026-04-26 11:44:04 | DEBUG    | pitching.get_pitcher_stats          | Kodai Senga: ERA temp=8.83 | ERA últ.3 sal.=12.981 | ERA efectiva=10.098
2026-04-26 11:44:04 | WARNING  | pitching.analizar_pitchers          | New York Mets vs Colorado Rockies — lanzador no confirmado (away: TBD)
2026-04-26 11:44:06 | DEBUG    | pitching.get_pitcher_stats          | Griffin Jax: ERA temp=7.45 | sin salidas recientes
2026-04-26 11:44:07 | DEBUG    | pitching.get_pitcher_stats          | Simeon Woods Richardson: ERA temp=5.96 | ERA últ.3 sal.=9.0 | ERA efectiva=7.176
2026-04-26 11:44:08 | DEBUG    | bullpen.obtener_bullpen             | Bullpen Tampa Bay Rays: ERA=3.618 WHIP=1.215 IP=577.9 (18 relievers)
2026-04-26 11:44:08 | DEBUG    | bullpen.obtener_bullpen             | Bullpen Minnesota Twins: ERA=4.658 WHIP=1.407 IP=550.9 (21 relievers)
2026-04-26 11:44:10 | DEBUG    | pitching.get_pitcher_stats          | Bryan Hudson: ERA temp=1.54 | ERA últ.1 sal.=0.0 | ERA efectiva=1.124
2026-04-26 11:44:11 | DEBUG    | pitching.get_pitcher_stats          | Foster Griffin: ERA temp=3.38 | ERA últ.3 sal.=3.889 | ERA efectiva=3.584
2026-04-26 11:44:12 | DEBUG    | bullpen.obtener_bullpen             | Bullpen Chicago White Sox: ERA=4.272 WHIP=1.411 IP=627.5 (17 relievers)
2026-04-26 11:44:12 | DEBUG    | bullpen.obtener_bullpen             | Bullpen Washington Nationals: ERA=5.903 WHIP=1.575 IP=504.2 (19 relievers)
2026-04-26 11:44:14 | DEBUG    | pitching.get_pitcher_stats          | Spencer Arrighetti: ERA temp=2.45 | ERA últ.2 sal.=2.455 | ERA efectiva=2.452
2026-04-26 11:44:15 | DEBUG    | pitching.get_pitcher_stats          | Luis Gil: ERA temp=4.11 | ERA últ.3 sal.=4.172 | ERA efectiva=4.135
2026-04-26 11:44:15 | DEBUG    | bullpen.obtener_bullpen             | Bullpen Houston Astros: ERA=3.463 WHIP=1.17 IP=528.9 (17 relievers)
2026-04-26 11:44:16 | DEBUG    | bullpen.obtener_bullpen             | Bullpen New York Yankees: ERA=3.943 WHIP=1.255 IP=516.5 (16 relievers)
2026-04-26 11:44:17 | DEBUG    | pitching.get_pitcher_stats          | Kyle Harrison: ERA temp=3.06 | ERA últ.3 sal.=3.689 | ERA efectiva=3.312
2026-04-26 11:44:19 | DEBUG    | pitching.get_pitcher_stats          | Carmen Mlodzinski: ERA temp=3.28 | ERA últ.3 sal.=4.701 | ERA efectiva=3.848
2026-04-26 11:44:19 | DEBUG    | bullpen.obtener_bullpen             | Bullpen Milwaukee Brewers: ERA=3.492 WHIP=1.256 IP=633.5 (20 relievers)
2026-04-26 11:44:20 | DEBUG    | bullpen.obtener_bullpen             | Bullpen Pittsburgh Pirates: ERA=3.906 WHIP=1.228 IP=436.9 (16 relievers)
2026-04-26 11:44:21 | DEBUG    | pitching.get_pitcher_stats          | Michael McGreevy: ERA temp=3.29 | ERA últ.3 sal.=3.889 | ERA efectiva=3.53
2026-04-26 11:44:22 | DEBUG    | pitching.get_pitcher_stats          | Emerson Hancock: ERA temp=2.83 | ERA últ.3 sal.=4.5 | ERA efectiva=3.498
2026-04-26 11:44:23 | DEBUG    | bullpen.obtener_bullpen             | Bullpen St. Louis Cardinals: ERA=3.785 WHIP=1.305 IP=537.7 (13 relievers)
2026-04-26 11:44:24 | DEBUG    | bullpen.obtener_bullpen             | Bullpen Seattle Mariners: ERA=3.701 WHIP=1.255 IP=551.5 (18 relievers)
2026-04-26 11:44:25 | DEBUG    | pitching.get_pitcher_stats          | Kumar Rocker: ERA temp=3.48 | ERA últ.3 sal.=3.553 | ERA efectiva=3.509
2026-04-26 11:44:26 | DEBUG    | pitching.get_pitcher_stats          | J.T. Ginn: ERA temp=3.74 | ERA últ.3 sal.=3.169 | ERA efectiva=3.512
2026-04-26 11:44:27 | DEBUG    | bullpen.obtener_bullpen             | Bullpen Texas Rangers: ERA=3.466 WHIP=1.189 IP=571.9 (14 relievers)
2026-04-26 11:44:28 | DEBUG    | bullpen.obtener_bullpen             | Bullpen Athletics: ERA=4.487 WHIP=1.423 IP=523.5 (18 relievers)
2026-04-26 11:44:29 | DEBUG    | pitching.get_pitcher_stats          | Ryne Nelson: ERA temp=6.97 | ERA últ.3 sal.=2.483 | ERA efectiva=5.175
2026-04-26 11:44:30 | DEBUG    | pitching.get_pitcher_stats          | Michael King: ERA temp=2.28 | ERA últ.3 sal.=1.588 | ERA efectiva=2.003
2026-04-26 11:44:31 | DEBUG    | bullpen.obtener_bullpen             | Bullpen Arizona Diamondbacks: ERA=4.99 WHIP=1.433 IP=431.4 (22 relievers)
2026-04-26 11:44:32 | DEBUG    | bullpen.obtener_bullpen             | Bullpen San Diego Padres: ERA=2.994 WHIP=1.159 IP=577.5 (14 relievers)
2026-04-26 11:44:33 | DEBUG    | pitching.get_pitcher_stats          | Landen Roupp: ERA temp=2.28 | ERA últ.3 sal.=1.059 | ERA efectiva=1.792
2026-04-26 11:44:34 | DEBUG    | pitching.get_pitcher_stats          | Max Meyer: ERA temp=3.96 | ERA últ.3 sal.=3.576 | ERA efectiva=3.806
2026-04-26 11:44:35 | DEBUG    | bullpen.obtener_bullpen             | Bullpen San Francisco Giants: ERA=3.658 WHIP=1.235 IP=519.1 (15 relievers)
2026-04-26 11:44:36 | DEBUG    | bullpen.obtener_bullpen             | Bullpen Miami Marlins: ERA=4.207 WHIP=1.328 IP=626.7 (17 relievers)
2026-04-26 11:44:37 | DEBUG    | pitching.get_pitcher_stats          | Seth Lugo: ERA temp=1.15 | ERA últ.3 sal.=0.933 | ERA efectiva=1.063
2026-04-26 11:44:38 | DEBUG    | pitching.get_pitcher_stats          | Reid Detmers: ERA temp=4.08 | ERA últ.3 sal.=5.263 | ERA efectiva=4.553
2026-04-26 11:44:39 | DEBUG    | bullpen.obtener_bullpen             | Bullpen Kansas City Royals: ERA=3.507 WHIP=1.243 IP=553.3 (13 relievers)
2026-04-26 11:44:40 | DEBUG    | bullpen.obtener_bullpen             | Bullpen Los Angeles Angels: ERA=4.53 WHIP=1.367 IP=558.0 (22 relievers)
2026-04-26 11:44:41 | DEBUG    | pitching.get_pitcher_stats          | Justin Wrobleski: ERA temp=1.88 | ERA últ.3 sal.=0.9 | ERA efectiva=1.488
2026-04-26 11:44:42 | DEBUG    | pitching.get_pitcher_stats          | Shota Imanaga: ERA temp=2.17 | ERA últ.3 sal.=0.947 | ERA efectiva=1.681
2026-04-26 11:44:43 | DEBUG    | bullpen.obtener_bullpen             | Bullpen Los Angeles Dodgers: ERA=4.244 WHIP=1.32 IP=625.8 (19 relievers)
2026-04-26 11:44:43 | DEBUG    | bullpen.obtener_bullpen             | Bullpen Chicago Cubs: ERA=3.81 WHIP=1.218 IP=518.2 (20 relievers)
2026-04-26 11:44:43 | INFO     | pitching.analizar_pitchers          | Pitchers analizados: 16 partidos.
2026-04-26 11:44:43 | WARNING  | main.main                           | 1 partido(s) excluido(s) por lanzador TBD:
2026-04-26 11:44:43 | WARNING  | main.main                           |   Colorado Rockies @ New York Mets (home=Kodai Senga, away=TBD)
2026-04-26 11:44:43 | INFO     | main.main                           | Partidos válidos: 15 / 16
2026-04-26 11:44:43 | INFO     | main.main                           | Analizando ofensiva...
2026-04-26 11:44:45 | DEBUG    | offense.obtener_stats_ofensivas     | Offense Baltimore Orioles vsLHP: OPS pond.=0.752 (5/5 con split)
2026-04-26 11:44:47 | DEBUG    | offense.obtener_stats_ofensivas     | Offense Boston Red Sox vsRHP: OPS pond.=0.698 (5/5 con split)
2026-04-26 11:44:47 | DEBUG    | offense.analizar_ofensiva           | OFFENSE Baltimore Orioles (vsLHP OPS=0.752 R/10=4.5 n_runs=0) | Boston Red Sox (vsRHP OPS=0.698 R/10=4.5 n_runs=0)
2026-04-26 11:44:50 | DEBUG    | offense.obtener_stats_ofensivas     | Offense Atlanta Braves vsRHP: OPS pond.=0.783 (5/5 con split)
2026-04-26 11:44:52 | DEBUG    | offense.obtener_stats_ofensivas     | Offense Philadelphia Phillies vsLHP: OPS pond.=0.621 (5/5 con split)
2026-04-26 11:44:52 | DEBUG    | offense.analizar_ofensiva           | OFFENSE Atlanta Braves (vsRHP OPS=0.783 R/10=4.5 n_runs=0) | Philadelphia Phillies (vsLHP OPS=0.621 R/10=4.5 n_runs=0)
2026-04-26 11:44:54 | DEBUG    | offense.obtener_stats_ofensivas     | Offense Toronto Blue Jays vsRHP: OPS pond.=0.75 (5/5 con split)
2026-04-26 11:44:56 | DEBUG    | offense.obtener_stats_ofensivas     | Offense Cleveland Guardians vsLHP: OPS pond.=0.831 (5/5 con split)
2026-04-26 11:44:56 | DEBUG    | offense.analizar_ofensiva           | OFFENSE Toronto Blue Jays (vsRHP OPS=0.75 R/10=4.5 n_runs=0) | Cleveland Guardians (vsLHP OPS=0.831 R/10=4.5 n_runs=0)
2026-04-26 11:44:58 | DEBUG    | offense.obtener_stats_ofensivas     | Offense Cincinnati Reds vsRHP: OPS pond.=0.719 (5/5 con split)
2026-04-26 11:45:00 | DEBUG    | offense.obtener_stats_ofensivas     | Offense Detroit Tigers vsRHP: OPS pond.=0.817 (5/5 con split)
2026-04-26 11:45:00 | DEBUG    | offense.analizar_ofensiva           | OFFENSE Cincinnati Reds (vsRHP OPS=0.719 R/10=4.5 n_runs=0) | Detroit Tigers (vsRHP OPS=0.817 R/10=4.5 n_runs=0)
2026-04-26 11:45:02 | DEBUG    | offense.obtener_stats_ofensivas     | Offense New York Mets vsLHP: OPS pond.=0.739 (5/5 con split)
2026-04-26 11:45:04 | DEBUG    | offense.obtener_stats_ofensivas     | Offense Colorado Rockies vsRHP: OPS pond.=0.755 (5/5 con split)
2026-04-26 11:45:04 | DEBUG    | offense.analizar_ofensiva           | OFFENSE New York Mets (vsLHP OPS=0.739 R/10=4.5 n_runs=0) | Colorado Rockies (vsRHP OPS=0.755 R/10=4.5 n_runs=0)
2026-04-26 11:45:06 | DEBUG    | offense.obtener_stats_ofensivas     | Offense Tampa Bay Rays vsRHP: OPS pond.=0.761 (5/5 con split)
2026-04-26 11:45:08 | DEBUG    | offense.obtener_stats_ofensivas     | Offense Minnesota Twins vsRHP: OPS pond.=0.679 (5/5 con split)
2026-04-26 11:45:08 | DEBUG    | offense.analizar_ofensiva           | OFFENSE Tampa Bay Rays (vsRHP OPS=0.761 R/10=4.5 n_runs=0) | Minnesota Twins (vsRHP OPS=0.679 R/10=4.5 n_runs=0)
2026-04-26 11:45:10 | DEBUG    | offense.obtener_stats_ofensivas     | Offense Chicago White Sox vsLHP: OPS pond.=0.947 (4/5 con split)
2026-04-26 11:45:13 | DEBUG    | offense.obtener_stats_ofensivas     | Offense Washington Nationals vsLHP: OPS pond.=0.733 (5/5 con split)
2026-04-26 11:45:13 | DEBUG    | offense.analizar_ofensiva           | OFFENSE Chicago White Sox (vsLHP OPS=0.947 R/10=4.5 n_runs=0) | Washington Nationals (vsLHP OPS=0.733 R/10=4.5 n_runs=0)
2026-04-26 11:45:15 | DEBUG    | offense.obtener_stats_ofensivas     | Offense Houston Astros vsRHP: OPS pond.=0.864 (5/5 con split)
2026-04-26 11:45:17 | DEBUG    | offense.obtener_stats_ofensivas     | Offense New York Yankees vsRHP: OPS pond.=0.849 (5/5 con split)
2026-04-26 11:45:17 | DEBUG    | offense.analizar_ofensiva           | OFFENSE Houston Astros (vsRHP OPS=0.864 R/10=4.5 n_runs=0) | New York Yankees (vsRHP OPS=0.849 R/10=4.5 n_runs=0)
2026-04-26 11:45:19 | DEBUG    | offense.obtener_stats_ofensivas     | Offense Milwaukee Brewers vsRHP: OPS pond.=0.798 (5/5 con split)
2026-04-26 11:45:21 | DEBUG    | offense.obtener_stats_ofensivas     | Offense Pittsburgh Pirates vsLHP: OPS pond.=0.752 (5/5 con split)
2026-04-26 11:45:21 | DEBUG    | offense.analizar_ofensiva           | OFFENSE Milwaukee Brewers (vsRHP OPS=0.798 R/10=4.5 n_runs=0) | Pittsburgh Pirates (vsLHP OPS=0.752 R/10=4.5 n_runs=0)
2026-04-26 11:45:23 | DEBUG    | offense.obtener_stats_ofensivas     | Offense St. Louis Cardinals vsRHP: OPS pond.=0.788 (5/5 con split)
2026-04-26 11:45:25 | DEBUG    | offense.obtener_stats_ofensivas     | Offense Seattle Mariners vsRHP: OPS pond.=0.667 (5/5 con split)
2026-04-26 11:45:25 | DEBUG    | offense.analizar_ofensiva           | OFFENSE St. Louis Cardinals (vsRHP OPS=0.788 R/10=4.5 n_runs=0) | Seattle Mariners (vsRHP OPS=0.667 R/10=4.5 n_runs=0)
2026-04-26 11:45:27 | DEBUG    | offense.obtener_stats_ofensivas     | Offense Texas Rangers vsRHP: OPS pond.=0.811 (5/5 con split)
2026-04-26 11:45:30 | DEBUG    | offense.obtener_stats_ofensivas     | Offense Athletics vsRHP: OPS pond.=0.808 (5/5 con split)
2026-04-26 11:45:30 | DEBUG    | offense.analizar_ofensiva           | OFFENSE Texas Rangers (vsRHP OPS=0.811 R/10=4.5 n_runs=0) | Athletics (vsRHP OPS=0.808 R/10=4.5 n_runs=0)
2026-04-26 11:45:32 | DEBUG    | offense.obtener_stats_ofensivas     | Offense Arizona Diamondbacks vsRHP: OPS pond.=0.741 (5/5 con split)
2026-04-26 11:45:34 | DEBUG    | offense.obtener_stats_ofensivas     | Offense San Diego Padres vsRHP: OPS pond.=0.696 (5/5 con split)
2026-04-26 11:45:34 | DEBUG    | offense.analizar_ofensiva           | OFFENSE Arizona Diamondbacks (vsRHP OPS=0.741 R/10=4.5 n_runs=0) | San Diego Padres (vsRHP OPS=0.696 R/10=4.5 n_runs=0)
2026-04-26 11:45:36 | DEBUG    | offense.obtener_stats_ofensivas     | Offense San Francisco Giants vsRHP: OPS pond.=0.683 (5/5 con split)
2026-04-26 11:45:38 | DEBUG    | offense.obtener_stats_ofensivas     | Offense Miami Marlins vsRHP: OPS pond.=0.734 (5/5 con split)
2026-04-26 11:45:38 | DEBUG    | offense.analizar_ofensiva           | OFFENSE San Francisco Giants (vsRHP OPS=0.683 R/10=4.5 n_runs=0) | Miami Marlins (vsRHP OPS=0.734 R/10=4.5 n_runs=0)
2026-04-26 11:45:40 | DEBUG    | offense.obtener_stats_ofensivas     | Offense Kansas City Royals vsLHP: OPS pond.=0.709 (5/5 con split)
2026-04-26 11:45:42 | DEBUG    | offense.obtener_stats_ofensivas     | Offense Los Angeles Angels vsRHP: OPS pond.=0.746 (5/5 con split)
2026-04-26 11:45:42 | DEBUG    | offense.analizar_ofensiva           | OFFENSE Kansas City Royals (vsLHP OPS=0.709 R/10=4.5 n_runs=0) | Los Angeles Angels (vsRHP OPS=0.746 R/10=4.5 n_runs=0)
2026-04-26 11:45:44 | DEBUG    | offense.obtener_stats_ofensivas     | Offense Los Angeles Dodgers vsLHP: OPS pond.=0.888 (5/5 con split)
2026-04-26 11:45:46 | DEBUG    | offense.obtener_stats_ofensivas     | Offense Chicago Cubs vsLHP: OPS pond.=0.842 (5/5 con split)
2026-04-26 11:45:46 | DEBUG    | offense.analizar_ofensiva           | OFFENSE Los Angeles Dodgers (vsLHP OPS=0.888 R/10=4.5 n_runs=0) | Chicago Cubs (vsLHP OPS=0.842 R/10=4.5 n_runs=0)
2026-04-26 11:45:46 | INFO     | main.main                           | Analizando defensiva...
2026-04-26 11:45:57 | INFO     | main.main                           | Analizando historial H2H...
2026-04-26 11:46:09 | INFO     | main.main                           | Analizando contexto ambiental...
2026-04-26 11:46:09 | DEBUG    | context.analizar_contexto           | Analizando contexto ambiental...
2026-04-26 11:46:17 | DEBUG    | context.analizar_contexto           | Contexto Baltimore Orioles vs Boston Red Sox: {'temperatura': 6.7, 'viento_kph': 6.7, 'condiciones': 'Nublado'} @ 13h
2026-04-26 11:46:18 | DEBUG    | context.analizar_contexto           | Contexto Atlanta Braves vs Philadelphia Phillies: {'temperatura': 6.7, 'viento_kph': 6.7, 'condiciones': 'Nublado'} @ 13h
2026-04-26 11:46:18 | DEBUG    | context.analizar_contexto           | Contexto Toronto Blue Jays vs Cleveland Guardians: {'temperatura': 6.7, 'viento_kph': 6.7, 'condiciones': 'Nublado'} @ 13h
2026-04-26 11:46:19 | DEBUG    | context.analizar_contexto           | Contexto Cincinnati Reds vs Detroit Tigers: {'temperatura': 6.7, 'viento_kph': 6.7, 'condiciones': 'Nublado'} @ 13h
2026-04-26 11:46:20 | DEBUG    | context.analizar_contexto           | Contexto New York Mets vs Colorado Rockies: {'temperatura': 6.7, 'viento_kph': 6.7, 'condiciones': 'Nublado'} @ 13h
2026-04-26 11:46:21 | DEBUG    | context.analizar_contexto           | Contexto Tampa Bay Rays vs Minnesota Twins: {'temperatura': 6.7, 'viento_kph': 6.7, 'condiciones': 'Nublado'} @ 13h
2026-04-26 11:46:22 | DEBUG    | context.analizar_contexto           | Contexto Chicago White Sox vs Washington Nationals: {'temperatura': 6.7, 'viento_kph': 6.7, 'condiciones': 'Nublado'} @ 14h
2026-04-26 11:46:22 | DEBUG    | context.analizar_contexto           | Contexto Houston Astros vs New York Yankees: {'temperatura': 6.7, 'viento_kph': 6.7, 'condiciones': 'Nublado'} @ 14h
2026-04-26 11:46:23 | DEBUG    | context.analizar_contexto           | Contexto Milwaukee Brewers vs Pittsburgh Pirates: {'temperatura': 6.7, 'viento_kph': 6.7, 'condiciones': 'Nublado'} @ 14h
2026-04-26 11:46:24 | DEBUG    | context.analizar_contexto           | Contexto St. Louis Cardinals vs Seattle Mariners: {'temperatura': 6.7, 'viento_kph': 6.7, 'condiciones': 'Nublado'} @ 14h
2026-04-26 11:46:25 | DEBUG    | context.analizar_contexto           | Contexto Texas Rangers vs Athletics: {'temperatura': 6.7, 'viento_kph': 6.7, 'condiciones': 'Nublado'} @ 14h
2026-04-26 11:46:25 | DEBUG    | context.analizar_contexto           | Contexto Arizona Diamondbacks vs San Diego Padres: {'temperatura': 6.7, 'viento_kph': 6.7, 'condiciones': 'Nublado'} @ 16h
2026-04-26 11:46:26 | DEBUG    | context.analizar_contexto           | Contexto San Francisco Giants vs Miami Marlins: {'temperatura': 6.7, 'viento_kph': 6.7, 'condiciones': 'Nublado'} @ 16h
2026-04-26 11:46:27 | DEBUG    | context.analizar_contexto           | Contexto Kansas City Royals vs Los Angeles Angels: {'temperatura': 6.7, 'viento_kph': 6.7, 'condiciones': 'Nublado'} @ 16h
2026-04-26 11:46:28 | DEBUG    | context.analizar_contexto           | Contexto Los Angeles Dodgers vs Chicago Cubs: {'temperatura': 6.7, 'viento_kph': 6.7, 'condiciones': 'Nublado'} @ 16h
2026-04-26 11:46:28 | INFO     | main.main                           | Proyectando totales...
2026-04-26 11:46:28 | DEBUG    | projections.proyectar_totales       | Baltimore Orioles vs Boston Red Sox | venue=Oriole Park at Camden Yards tipo=abierto T_ext=6.7°C T_ef=6.7°C adj=-9% PF_base=1.0 PF_final=0.91 | ERA_ef=2.912/3.434 FIP=4.61/4.203 | Proy: 3.739 - 3.684 (total=7.423)
2026-04-26 11:46:28 | DEBUG    | projections.proyectar_totales       | Atlanta Braves vs Philadelphia Phillies | venue=Truist Park tipo=abierto T_ext=6.7°C T_ef=6.7°C adj=-9% PF_base=1.03 PF_final=0.937 | ERA_ef=5.658/2.134 FIP=3.824/3.837 | Proy: 5.008 - 3.056 (total=8.064)
2026-04-26 11:46:28 | DEBUG    | projections.proyectar_totales       | Toronto Blue Jays vs Cleveland Guardians | venue=Rogers Centre tipo=cerrado T_ext=6.7°C T_ef=21.0°C adj=+0% PF_base=0.98 PF_final=0.98 | ERA_ef=6.528/3.633 FIP=4.185/3.884 | Proy: 5.106 - 3.984 (total=9.09)
2026-04-26 11:46:28 | DEBUG    | projections.proyectar_totales       | Cincinnati Reds vs Detroit Tigers | venue=Great American Ball Park tipo=abierto T_ext=6.7°C T_ef=6.7°C adj=-9% PF_base=1.08 PF_final=0.983 | ERA_ef=3.673/3.507 FIP=3.784/4.415 | Proy: 3.802 - 4.37 (total=8.172)
2026-04-26 11:46:28 | DEBUG    | projections.proyectar_totales       | New York Mets vs Colorado Rockies | venue=Citi Field tipo=abierto T_ext=6.7°C T_ef=6.7°C adj=-9% PF_base=0.95 PF_final=0.864 | ERA_ef=6.372/2.685 FIP=4.528/3.748 | Proy: 4.463 - 3.091 (total=7.554)
2026-04-26 11:46:28 | DEBUG    | projections.proyectar_totales       | Tampa Bay Rays vs Minnesota Twins | venue=Tropicana Field tipo=cerrado T_ext=6.7°C T_ef=21.0°C adj=+0% PF_base=0.91 PF_final=0.91 | ERA_ef=7.176/7.45 FIP=3.837/4.518 | Proy: 5.256 - 5.342 (total=10.598)
2026-04-26 11:46:28 | DEBUG    | projections.proyectar_totales       | Chicago White Sox vs Washington Nationals | venue=Rate Field tipo=abierto T_ext=6.7°C T_ef=6.7°C adj=-9% PF_base=1.0 PF_final=0.91 | ERA_ef=3.584/1.124 FIP=5.428/4.599 | Proy: 4.711 - 3.311 (total=8.022)
2026-04-26 11:46:28 | DEBUG    | projections.proyectar_totales       | Houston Astros vs New York Yankees | venue=Daikin Park tipo=abierto T_ext=6.7°C T_ef=6.7°C adj=-9% PF_base=1.0 PF_final=0.91 | ERA_ef=4.135/2.452 FIP=3.354/5.406 | Proy: 4.003 - 4.135 (total=8.138)
2026-04-26 11:46:28 | DEBUG    | projections.proyectar_totales       | Milwaukee Brewers vs Pittsburgh Pirates | venue=American Family Field tipo=retractil_cerrado T_ext=6.7°C T_ef=21.0°C adj=+0% PF_base=0.96 PF_final=0.96 | ERA_ef=3.848/3.312 FIP=3.511/3.831 | Proy: 3.81 - 3.762 (total=7.572)
2026-04-26 11:46:28 | DEBUG    | projections.proyectar_totales       | St. Louis Cardinals vs Seattle Mariners | venue=Busch Stadium tipo=abierto T_ext=6.7°C T_ef=6.7°C adj=-9% PF_base=0.97 PF_final=0.883 | ERA_ef=3.498/3.53 FIP=3.578/4.845 | Proy: 3.43 - 3.987 (total=7.417)
2026-04-26 11:46:28 | DEBUG    | projections.proyectar_totales       | Texas Rangers vs Athletics | venue=Globe Life Field tipo=retractil_cerrado T_ext=6.7°C T_ef=21.0°C adj=+0% PF_base=1.1 PF_final=1.1 | ERA_ef=3.512/3.509 FIP=4.742/4.027 | Proy: 4.96 - 4.383 (total=9.343)
2026-04-26 11:46:28 | DEBUG    | projections.proyectar_totales       | Arizona Diamondbacks vs San Diego Padres | venue=Estadio Alfredo Harp Helu tipo=abierto T_ext=6.7°C T_ef=6.7°C adj=-9% PF_base=1.0 PF_final=0.91 | ERA_ef=2.003/5.175 FIP=3.327/4.506 | Proy: 2.672 - 4.576 (total=7.248)
2026-04-26 11:46:28 | DEBUG    | projections.proyectar_totales       | San Francisco Giants vs Miami Marlins | venue=Oracle Park tipo=abierto T_ext=6.7°C T_ef=6.7°C adj=-9% PF_base=0.93 PF_final=0.85 | ERA_ef=3.806/1.792 FIP=3.969/3.996 | Proy: 3.344 - 2.991 (total=6.335)
2026-04-26 11:46:28 | DEBUG    | projections.proyectar_totales       | Kansas City Royals vs Los Angeles Angels | venue=Kauffman Stadium tipo=abierto T_ext=6.7°C T_ef=6.7°C adj=-9% PF_base=0.99 PF_final=0.901 | ERA_ef=4.553/1.063 FIP=3.986/4.555 | Proy: 4.085 - 3.065 (total=7.15)
2026-04-26 11:46:28 | DEBUG    | projections.proyectar_totales       | Los Angeles Dodgers vs Chicago Cubs | venue=UNIQLO Field at Dodger Stadium tipo=abierto T_ext=6.7°C T_ef=6.7°C adj=-9% PF_base=1.0 PF_final=0.91 | ERA_ef=1.681/1.488 FIP=4.112/3.52 | Proy: 3.549 - 3.169 (total=6.718)
2026-04-26 11:46:28 | INFO     | main.main                           | Aplicando simulaciones Poisson...
2026-04-26 11:46:28 | DEBUG    | simulation.aplicar_simulaciones     | Ensemble desactivado (fallback a Poisson puro): No module named 'analysis.ensemble'
2026-04-26 11:46:30 | INFO     | main.main                           | Obteniendo cuotas (The Odds API)...
2026-04-26 11:46:30 | DEBUG    | line_movement.guardar_snapshot_diar | Snapshot de líneas guardado: 20 eventos @ 2026-04-26T17:46
2026-04-26 11:46:30 | DEBUG    | markets.analizar_mercados           | Procesando mercados de apuestas...
2026-04-26 11:46:30 | INFO     | main.main                           | Partidos con cuotas disponibles: 15
2026-04-26 11:46:30 | INFO     | main.main                           | Calculando valor esperado y picks...
2026-04-26 11:46:30 | DEBUG    | value.analizar_valor                | Baltimore Orioles vs Boston Red Sox | Proy: 3.74-3.68 | ML: Boston Red Sox EV=41.6 stake=5.0% | RL: Baltimore Orioles EV=-24.2 stake=0.0% | Total: Sin ventaja clara EV=0.0 stake=0.0% | Mejor: Ninguno
2026-04-26 11:46:30 | DEBUG    | value.analizar_valor                | Atlanta Braves vs Philadelphia Phillies | Proy: 5.01-3.06 | ML: Philadelphia Phillies EV=28.2 stake=4.4% | RL: Atlanta Braves EV=8.9 stake=4.68% | Total: Sin ventaja clara EV=0.0 stake=0.0% | Mejor: Ninguno
2026-04-26 11:46:30 | DEBUG    | value.analizar_valor                | Toronto Blue Jays vs Cleveland Guardians | Proy: 5.11-3.98 | ML: Toronto Blue Jays EV=7.4 stake=4.33% | RL: Toronto Blue Jays EV=25.3 stake=5.0% | Total: Sin ventaja clara EV=0.0 stake=0.0% | Mejor: Ninguno
2026-04-26 11:46:30 | DEBUG    | value.analizar_valor                | Cincinnati Reds vs Detroit Tigers | Proy: 3.80-4.37 | ML: Detroit Tigers EV=32.7 stake=5.0% | RL: Detroit Tigers EV=-19.0 stake=0.0% | Total: Under EV=12.6 stake=5.0% | Mejor: ML: Detroit Tigers
2026-04-26 11:46:30 | DEBUG    | value.analizar_valor                | New York Mets vs Colorado Rockies | Proy: 4.46-3.09 | ML: Colorado Rockies EV=24.4 stake=5.0% | RL: New York Mets EV=-10.0 stake=0.0% | Total: Over EV=21.4 stake=5.0% | Mejor: TOTAL: Over
2026-04-26 11:46:30 | DEBUG    | value.analizar_valor                | Tampa Bay Rays vs Minnesota Twins | Proy: 5.26-5.34 | ML: Minnesota Twins EV=45.5 stake=5.0% | RL: Minnesota Twins EV=-35.8 stake=0.0% | Total: Over EV=49.7 stake=5.0% | Mejor: TOTAL: Over
2026-04-26 11:46:30 | DEBUG    | value.analizar_valor                | Chicago White Sox vs Washington Nationals | Proy: 4.71-3.31 | ML: Chicago White Sox EV=16.6 stake=5.0% | RL: Chicago White Sox EV=32.8 stake=5.0% | Total: Sin ventaja clara EV=0.0 stake=0.0% | Mejor: ML: Chicago White Sox
2026-04-26 11:46:30 | DEBUG    | value.analizar_valor                | Houston Astros vs New York Yankees | Proy: 4.00-4.13 | ML: New York Yankees EV=5.5 stake=3.46% | RL: New York Yankees EV=-31.1 stake=0.0% | Total: Under EV=14.7 stake=5.0% | Mejor: TOTAL: Under
2026-04-26 11:46:30 | DEBUG    | value.analizar_valor                | Milwaukee Brewers vs Pittsburgh Pirates | Proy: 3.81-3.76 | ML: Pittsburgh Pirates EV=16.2 stake=5.0% | RL: Milwaukee Brewers EV=-17.2 stake=0.0% | Total: Sin ventaja clara EV=0.0 stake=0.0% | Mejor: ML: Pittsburgh Pirates
2026-04-26 11:46:30 | DEBUG    | value.analizar_valor                | St. Louis Cardinals vs Seattle Mariners | Proy: 3.43-3.99 | ML: Seattle Mariners EV=16.9 stake=5.0% | RL: Seattle Mariners EV=-17.2 stake=0.0% | Total: Under EV=8.9 stake=4.6% | Mejor: ML: Seattle Mariners
2026-04-26 11:46:31 | DEBUG    | value.analizar_valor                | Texas Rangers vs Athletics | Proy: 4.96-4.38 | ML: Athletics EV=0.7 stake=0.35% | RL: Texas Rangers EV=4.3 stake=1.21% | Total: Over EV=14.8 stake=5.0% | Mejor: TOTAL: Over
2026-04-26 11:46:31 | DEBUG    | value.analizar_valor                | Arizona Diamondbacks vs San Diego Padres | Proy: 2.67-4.58 | ML: San Diego Padres EV=44.8 stake=5.0% | RL: San Diego Padres EV=19.1 stake=5.0% | Total: Under EV=89.5 stake=5.0% | Mejor: TOTAL: Under
2026-04-26 11:46:31 | DEBUG    | value.analizar_valor                | San Francisco Giants vs Miami Marlins | Proy: 3.34-2.99 | ML: Miami Marlins EV=11.4 stake=5.0% | RL: San Francisco Giants EV=-13.9 stake=0.0% | Total: Under EV=11.6 stake=5.0% | Mejor: TOTAL: Under
2026-04-26 11:46:31 | DEBUG    | value.analizar_valor                | Kansas City Royals vs Los Angeles Angels | Proy: 4.08-3.06 | ML: Kansas City Royals EV=10.5 stake=5.0% | RL: Kansas City Royals EV=18.5 stake=5.0% | Total: Under EV=14.1 stake=5.0% | Mejor: TOTAL: Under
2026-04-26 11:46:31 | DEBUG    | value.analizar_valor                | Los Angeles Dodgers vs Chicago Cubs | Proy: 3.55-3.17 | ML: Chicago Cubs EV=8.8 stake=4.04% | RL: Los Angeles Dodgers EV=-13.2 stake=0.0% | Total: Under EV=53.0 stake=5.0% | Mejor: TOTAL: Under
2026-04-26 11:46:31 | INFO     | main.main                           | Analizando movimiento de línea...
2026-04-26 11:46:31 | DEBUG    | line_movement.analizar_movimiento   | Sin suficientes snapshots para detectar movimiento (necesita >= 2).
2026-04-26 11:46:31 | INFO     | main.main                           | Actualizando resultados de picks anteriores...
2026-04-26 11:46:31 | INFO     | main.main                           | ROI | Resueltos: 102 | Wins: 54 | ROI: 4.8% | Ganancia: 4.9 u | Pendientes: 12
2026-04-26 11:46:31 | INFO     | main.main                           | CSV exportado → output/predicciones_2026-04-26.csv
2026-04-26 11:46:31 | INFO     | main.main                           | =======================================================
2026-04-26 11:46:31 | INFO     | main.main                           | PICKS DEL DÍA
2026-04-26 11:46:31 | INFO     | main.main                           | =======================================================
2026-04-26 11:46:31 | DEBUG    | main.main                           | Baltimore Orioles vs Boston Red Sox
2026-04-26 11:46:31 | DEBUG    | main.main                           |   Pitchers : Connelly Early vs Kyle Bradish
2026-04-26 11:46:31 | DEBUG    | main.main                           |   Proy     : 3.74 - 3.68
2026-04-26 11:46:31 | DEBUG    | main.main                           |   ML pick  : Boston Red Sox (EV 41.6)
2026-04-26 11:46:31 | DEBUG    | main.main                           |   RL pick  : Baltimore Orioles (EV -24.2)
2026-04-26 11:46:31 | DEBUG    | main.main                           |   Total    : Sin ventaja clara 7.5
2026-04-26 11:46:31 | DEBUG    | main.main                           |   ✔ Ninguno
2026-04-26 11:46:31 | DEBUG    | main.main                           | Atlanta Braves vs Philadelphia Phillies
2026-04-26 11:46:31 | DEBUG    | main.main                           |   Pitchers : Aaron Nola vs Chris Sale
2026-04-26 11:46:31 | DEBUG    | main.main                           |   Proy     : 5.01 - 3.06
2026-04-26 11:46:31 | DEBUG    | main.main                           |   ML pick  : Philadelphia Phillies (EV 28.2)
2026-04-26 11:46:31 | DEBUG    | main.main                           |   RL pick  : Atlanta Braves (EV 8.9)
2026-04-26 11:46:31 | DEBUG    | main.main                           |   Total    : Sin ventaja clara 8.5
2026-04-26 11:46:31 | DEBUG    | main.main                           |   ✔ Ninguno
2026-04-26 11:46:31 | DEBUG    | main.main                           | Toronto Blue Jays vs Cleveland Guardians
2026-04-26 11:46:31 | DEBUG    | main.main                           |   Pitchers : Slade Cecconi vs Patrick Corbin
2026-04-26 11:46:31 | DEBUG    | main.main                           |   Proy     : 5.11 - 3.98
2026-04-26 11:46:31 | DEBUG    | main.main                           |   ML pick  : Toronto Blue Jays (EV 7.4)
2026-04-26 11:46:31 | DEBUG    | main.main                           |   RL pick  : Toronto Blue Jays (EV 25.3)
2026-04-26 11:46:31 | DEBUG    | main.main                           |   Total    : Sin ventaja clara 8.5
2026-04-26 11:46:31 | DEBUG    | main.main                           |   ✔ Ninguno
2026-04-26 11:46:31 | INFO     | main.main                           | Cincinnati Reds vs Detroit Tigers
2026-04-26 11:46:31 | DEBUG    | main.main                           |   Pitchers : Keider Montero vs Rhett Lowder
2026-04-26 11:46:31 | DEBUG    | main.main                           |   Proy     : 3.80 - 4.37
2026-04-26 11:46:31 | DEBUG    | main.main                           |   ML pick  : Detroit Tigers (EV 32.7)
2026-04-26 11:46:31 | DEBUG    | main.main                           |   RL pick  : Detroit Tigers (EV -19.0)
2026-04-26 11:46:31 | DEBUG    | main.main                           |   Total    : Under 9.0
2026-04-26 11:46:31 | INFO     | main.main                           |   ✔ ML: Detroit Tigers | Stake: 5.0%
2026-04-26 11:46:31 | INFO     | main.main                           | New York Mets vs Colorado Rockies
2026-04-26 11:46:31 | DEBUG    | main.main                           |   Pitchers : Jose Quintana vs Nolan McLean
2026-04-26 11:46:31 | DEBUG    | main.main                           |   Proy     : 4.46 - 3.09
2026-04-26 11:46:31 | DEBUG    | main.main                           |   ML pick  : Colorado Rockies (EV 24.4)
2026-04-26 11:46:31 | DEBUG    | main.main                           |   RL pick  : New York Mets (EV -10.0)
2026-04-26 11:46:31 | DEBUG    | main.main                           |   Total    : Over 6.5
2026-04-26 11:46:31 | INFO     | main.main                           |   ✔ TOTAL: Over | Stake: 5.0%
2026-04-26 11:46:31 | INFO     | main.main                           | Tampa Bay Rays vs Minnesota Twins
2026-04-26 11:46:31 | DEBUG    | main.main                           |   Pitchers : Simeon Woods Richardson vs Griffin Jax
2026-04-26 11:46:31 | DEBUG    | main.main                           |   Proy     : 5.26 - 5.34
2026-04-26 11:46:31 | DEBUG    | main.main                           |   ML pick  : Minnesota Twins (EV 45.5)
2026-04-26 11:46:31 | DEBUG    | main.main                           |   RL pick  : Minnesota Twins (EV -35.8)
2026-04-26 11:46:31 | DEBUG    | main.main                           |   Total    : Over 8.5
2026-04-26 11:46:31 | INFO     | main.main                           |   ✔ TOTAL: Over | Stake: 5.0%
2026-04-26 11:46:31 | INFO     | main.main                           | Chicago White Sox vs Washington Nationals
2026-04-26 11:46:31 | DEBUG    | main.main                           |   Pitchers : Foster Griffin vs Bryan Hudson
2026-04-26 11:46:31 | DEBUG    | main.main                           |   Proy     : 4.71 - 3.31
2026-04-26 11:46:31 | DEBUG    | main.main                           |   ML pick  : Chicago White Sox (EV 16.6)
2026-04-26 11:46:31 | DEBUG    | main.main                           |   RL pick  : Chicago White Sox (EV 32.8)
2026-04-26 11:46:31 | DEBUG    | main.main                           |   Total    : Sin ventaja clara 7.5
2026-04-26 11:46:31 | INFO     | main.main                           |   ✔ ML: Chicago White Sox | Stake: 5.0%
2026-04-26 11:46:31 | INFO     | main.main                           | Houston Astros vs New York Yankees
2026-04-26 11:46:31 | DEBUG    | main.main                           |   Pitchers : Luis Gil vs Spencer Arrighetti
2026-04-26 11:46:31 | DEBUG    | main.main                           |   Proy     : 4.00 - 4.13
2026-04-26 11:46:31 | DEBUG    | main.main                           |   ML pick  : New York Yankees (EV 5.5)
2026-04-26 11:46:31 | DEBUG    | main.main                           |   RL pick  : New York Yankees (EV -31.1)
2026-04-26 11:46:31 | DEBUG    | main.main                           |   Total    : Under 9.5
2026-04-26 11:46:31 | INFO     | main.main                           |   ✔ TOTAL: Under | Stake: 5.0%
2026-04-26 11:46:31 | INFO     | main.main                           | Milwaukee Brewers vs Pittsburgh Pirates
2026-04-26 11:46:31 | DEBUG    | main.main                           |   Pitchers : Carmen Mlodzinski vs Kyle Harrison
2026-04-26 11:46:31 | DEBUG    | main.main                           |   Proy     : 3.81 - 3.76
2026-04-26 11:46:31 | DEBUG    | main.main                           |   ML pick  : Pittsburgh Pirates (EV 16.2)
2026-04-26 11:46:31 | DEBUG    | main.main                           |   RL pick  : Milwaukee Brewers (EV -17.2)
2026-04-26 11:46:31 | DEBUG    | main.main                           |   Total    : Sin ventaja clara 7.5
2026-04-26 11:46:31 | INFO     | main.main                           |   ✔ ML: Pittsburgh Pirates | Stake: 5.0%
2026-04-26 11:46:31 | INFO     | main.main                           | St. Louis Cardinals vs Seattle Mariners
2026-04-26 11:46:31 | DEBUG    | main.main                           |   Pitchers : Emerson Hancock vs Michael McGreevy
2026-04-26 11:46:31 | DEBUG    | main.main                           |   Proy     : 3.43 - 3.99
2026-04-26 11:46:31 | DEBUG    | main.main                           |   ML pick  : Seattle Mariners (EV 16.9)
2026-04-26 11:46:31 | DEBUG    | main.main                           |   RL pick  : Seattle Mariners (EV -17.2)
2026-04-26 11:46:31 | DEBUG    | main.main                           |   Total    : Under 8.5
2026-04-26 11:46:31 | INFO     | main.main                           |   ✔ ML: Seattle Mariners | Stake: 5.0%
2026-04-26 11:46:31 | INFO     | main.main                           | Texas Rangers vs Athletics
2026-04-26 11:46:31 | DEBUG    | main.main                           |   Pitchers : J.T. Ginn vs Kumar Rocker
2026-04-26 11:46:31 | DEBUG    | main.main                           |   Proy     : 4.96 - 4.38
2026-04-26 11:46:31 | DEBUG    | main.main                           |   ML pick  : Athletics (EV 0.7)
2026-04-26 11:46:31 | DEBUG    | main.main                           |   RL pick  : Texas Rangers (EV 4.3)
2026-04-26 11:46:31 | DEBUG    | main.main                           |   Total    : Over 8.5
2026-04-26 11:46:31 | INFO     | main.main                           |   ✔ TOTAL: Over | Stake: 5.0%
2026-04-26 11:46:31 | INFO     | main.main                           | Arizona Diamondbacks vs San Diego Padres
2026-04-26 11:46:31 | DEBUG    | main.main                           |   Pitchers : Michael King vs Ryne Nelson
2026-04-26 11:46:31 | DEBUG    | main.main                           |   Proy     : 2.67 - 4.58
2026-04-26 11:46:31 | DEBUG    | main.main                           |   ML pick  : San Diego Padres (EV 44.8)
2026-04-26 11:46:31 | DEBUG    | main.main                           |   RL pick  : San Diego Padres (EV 19.1)
2026-04-26 11:46:31 | DEBUG    | main.main                           |   Total    : Under 15.0
2026-04-26 11:46:31 | INFO     | main.main                           |   ✔ TOTAL: Under | Stake: 5.0%
2026-04-26 11:46:31 | INFO     | main.main                           | San Francisco Giants vs Miami Marlins
2026-04-26 11:46:31 | DEBUG    | main.main                           |   Pitchers : Max Meyer vs Landen Roupp
2026-04-26 11:46:31 | DEBUG    | main.main                           |   Proy     : 3.34 - 2.99
2026-04-26 11:46:31 | DEBUG    | main.main                           |   ML pick  : Miami Marlins (EV 11.4)
2026-04-26 11:46:31 | DEBUG    | main.main                           |   RL pick  : San Francisco Giants (EV -13.9)
2026-04-26 11:46:31 | DEBUG    | main.main                           |   Total    : Under 7.5
2026-04-26 11:46:31 | INFO     | main.main                           |   ✔ TOTAL: Under | Stake: 5.0%
2026-04-26 11:46:31 | INFO     | main.main                           | Kansas City Royals vs Los Angeles Angels
2026-04-26 11:46:31 | DEBUG    | main.main                           |   Pitchers : Reid Detmers vs Seth Lugo
2026-04-26 11:46:31 | DEBUG    | main.main                           |   Proy     : 4.08 - 3.06
2026-04-26 11:46:31 | DEBUG    | main.main                           |   ML pick  : Kansas City Royals (EV 10.5)
2026-04-26 11:46:31 | DEBUG    | main.main                           |   RL pick  : Kansas City Royals (EV 18.5)
2026-04-26 11:46:31 | DEBUG    | main.main                           |   Total    : Under 8.5
2026-04-26 11:46:31 | INFO     | main.main                           |   ✔ TOTAL: Under | Stake: 5.0%
2026-04-26 11:46:31 | INFO     | main.main                           | Los Angeles Dodgers vs Chicago Cubs
2026-04-26 11:46:31 | DEBUG    | main.main                           |   Pitchers : Shota Imanaga vs Justin Wrobleski
2026-04-26 11:46:31 | DEBUG    | main.main                           |   Proy     : 3.55 - 3.17
2026-04-26 11:46:31 | DEBUG    | main.main                           |   ML pick  : Chicago Cubs (EV 8.8)
2026-04-26 11:46:31 | DEBUG    | main.main                           |   RL pick  : Los Angeles Dodgers (EV -13.2)
2026-04-26 11:46:31 | DEBUG    | main.main                           |   Total    : Under 9.0
2026-04-26 11:46:31 | INFO     | main.main                           |   ✔ TOTAL: Under | Stake: 5.0%
2026-04-26 11:46:31 | INFO     | main.main                           | Enviando picks a Telegram...
2026-04-26 11:49:05 | INFO     | main.main                           | Telegram: picks enviados correctamente.
2026-04-26 11:49:05 | INFO     | main.main                           | Pipeline completado.
