2026-04-07 12:00:13 | INFO     | logger.configurar                   | Logger iniciado → logs\mlb_2026-04-07.log
2026-04-07 12:00:41 | INFO     | main.main                           | =======================================================
2026-04-07 12:00:41 | INFO     | main.main                           | Iniciando análisis de predicciones MLB
2026-04-07 12:00:41 | INFO     | main.main                           | =======================================================
2026-04-07 12:00:41 | INFO     | main.main                           | Cargando stats avanzadas (FIP, wRC+)...
2026-04-07 12:00:41 | INFO     | statcast.cargar_statcast            | Stats avanzadas desde caché (30 pitching, 30 batting).
2026-04-07 12:00:41 | INFO     | main.main                           | Analizando pitchers del día...
2026-04-07 12:00:42 | DEBUG    | pitching.get_pitcher_stats          | Gavin Williams: ERA temp=2.3 | ERA últ.3 sal.=2.368 | ERA efectiva=2.327
2026-04-07 12:00:43 | DEBUG    | pitching.get_pitcher_stats          | Noah Cameron: ERA temp=1.13 | ERA últ.2 sal.=1.125 | ERA efectiva=1.128
2026-04-07 12:00:44 | DEBUG    | bullpen.obtener_bullpen             | Bullpen Cleveland Guardians: ERA=3.314 WHIP=1.208 IP=518.7 (13 relievers)
2026-04-07 12:00:44 | DEBUG    | bullpen.obtener_bullpen             | Bullpen Kansas City Royals: ERA=3.507 WHIP=1.243 IP=553.3 (13 relievers)
2026-04-07 12:00:45 | DEBUG    | pitching.get_pitcher_stats          | Shane Smith: ERA temp=19.29 | ERA últ.2 sal.=21.429 | ERA efectiva=12.0
2026-04-07 12:00:46 | DEBUG    | pitching.get_pitcher_stats          | Trevor Rogers: ERA temp=1.38 | ERA últ.2 sal.=1.385 | ERA efectiva=1.382
2026-04-07 12:00:47 | DEBUG    | bullpen.obtener_bullpen             | Bullpen Chicago White Sox: ERA=4.272 WHIP=1.411 IP=627.5 (17 relievers)
2026-04-07 12:00:47 | DEBUG    | bullpen.obtener_bullpen             | Bullpen Baltimore Orioles: ERA=4.257 WHIP=1.395 IP=560.5 (22 relievers)
2026-04-07 12:00:48 | DEBUG    | pitching.get_pitcher_stats          | Freddy Peralta: ERA temp=4.35 | ERA últ.2 sal.=4.455 | ERA efectiva=4.392
2026-04-07 12:00:49 | DEBUG    | pitching.get_pitcher_stats          | Zac Gallen: ERA temp=3.6 | ERA últ.2 sal.=3.6 | ERA efectiva=3.6
2026-04-07 12:00:49 | DEBUG    | bullpen.obtener_bullpen             | Bullpen New York Mets: ERA=3.55 WHIP=1.232 IP=591.1 (23 relievers)
2026-04-07 12:00:50 | DEBUG    | bullpen.obtener_bullpen             | Bullpen Arizona Diamondbacks: ERA=4.99 WHIP=1.433 IP=431.4 (22 relievers)
2026-04-07 12:00:50 | DEBUG    | pitching.get_pitcher_stats          | Paul Skenes: ERA temp=9.53 | ERA últ.1 sal.=1.8 | ERA efectiva=6.438
2026-04-07 12:00:51 | DEBUG    | pitching.get_pitcher_stats          | Nick Pivetta: ERA temp=6.75 | ERA últ.2 sal.=6.75 | ERA efectiva=6.75
2026-04-07 12:00:52 | DEBUG    | bullpen.obtener_bullpen             | Bullpen Pittsburgh Pirates: ERA=3.906 WHIP=1.228 IP=436.9 (16 relievers)
2026-04-07 12:00:52 | DEBUG    | bullpen.obtener_bullpen             | Bullpen San Diego Padres: ERA=2.994 WHIP=1.159 IP=577.5 (14 relievers)
2026-04-07 12:00:53 | DEBUG    | pitching.get_pitcher_stats          | Drew Rasmussen: ERA temp=1.8 | ERA últ.2 sal.=1.8 | ERA efectiva=1.8
2026-04-07 12:00:54 | DEBUG    | pitching.get_pitcher_stats          | Javier Assad: ERA temp=4.5 | sin salidas recientes
2026-04-07 12:00:55 | DEBUG    | bullpen.obtener_bullpen             | Bullpen Tampa Bay Rays: ERA=3.618 WHIP=1.215 IP=577.9 (18 relievers)
2026-04-07 12:00:56 | DEBUG    | bullpen.obtener_bullpen             | Bullpen Chicago Cubs: ERA=3.81 WHIP=1.218 IP=518.2 (20 relievers)
2026-04-07 12:00:57 | DEBUG    | pitching.get_pitcher_stats          | Sandy Alcantara: ERA temp=0.0 | ERA últ.2 sal.=0.0 | ERA efectiva=0.5
2026-04-07 12:00:58 | DEBUG    | pitching.get_pitcher_stats          | Andrew Abbott: ERA temp=3.09 | ERA últ.2 sal.=3.214 | ERA efectiva=3.14
2026-04-07 12:00:58 | DEBUG    | bullpen.obtener_bullpen             | Bullpen Miami Marlins: ERA=4.207 WHIP=1.328 IP=626.7 (17 relievers)
2026-04-07 12:00:59 | DEBUG    | bullpen.obtener_bullpen             | Bullpen Cincinnati Reds: ERA=3.917 WHIP=1.299 IP=530.5 (15 relievers)
2026-04-07 12:01:00 | DEBUG    | pitching.get_pitcher_stats          | Cade Cavalli: ERA temp=2.79 | ERA últ.2 sal.=2.935 | ERA efectiva=2.848
2026-04-07 12:01:00 | DEBUG    | pitching.get_pitcher_stats          | Matthew Liberatore: ERA temp=1.64 | ERA últ.2 sal.=1.636 | ERA efectiva=1.638
2026-04-07 12:01:01 | DEBUG    | bullpen.obtener_bullpen             | Bullpen Washington Nationals: ERA=5.903 WHIP=1.575 IP=504.2 (19 relievers)
2026-04-07 12:01:01 | DEBUG    | bullpen.obtener_bullpen             | Bullpen St. Louis Cardinals: ERA=3.785 WHIP=1.305 IP=537.7 (13 relievers)
2026-04-07 12:01:02 | DEBUG    | pitching.get_pitcher_stats          | Garrett Crochet: ERA temp=3.27 | ERA últ.2 sal.=3.273 | ERA efectiva=3.271
2026-04-07 12:01:03 | DEBUG    | pitching.get_pitcher_stats          | Jacob Misiorowski: ERA temp=2.45 | ERA últ.2 sal.=2.455 | ERA efectiva=2.452
2026-04-07 12:01:04 | DEBUG    | bullpen.obtener_bullpen             | Bullpen Boston Red Sox: ERA=3.247 WHIP=1.208 IP=529.2 (17 relievers)
2026-04-07 12:01:04 | DEBUG    | bullpen.obtener_bullpen             | Bullpen Milwaukee Brewers: ERA=3.492 WHIP=1.256 IP=633.5 (20 relievers)
2026-04-07 12:01:05 | DEBUG    | pitching.get_pitcher_stats          | Cam Schlittler: ERA temp=0.0 | ERA últ.2 sal.=0.0 | ERA efectiva=0.5
2026-04-07 12:01:06 | DEBUG    | pitching.get_pitcher_stats          | Aaron Civale: ERA temp=3.6 | ERA últ.1 sal.=3.6 | ERA efectiva=3.6
2026-04-07 12:01:06 | DEBUG    | bullpen.obtener_bullpen             | Bullpen New York Yankees: ERA=3.943 WHIP=1.255 IP=516.5 (16 relievers)
2026-04-07 12:01:07 | DEBUG    | bullpen.obtener_bullpen             | Bullpen Athletics: ERA=4.487 WHIP=1.423 IP=523.5 (18 relievers)
2026-04-07 12:01:08 | DEBUG    | pitching.get_pitcher_stats          | Kevin Gausman: ERA temp=0.75 | ERA últ.2 sal.=0.75 | ERA efectiva=0.75
2026-04-07 12:01:08 | DEBUG    | pitching.get_pitcher_stats          | Yoshinobu Yamamoto: ERA temp=3.0 | ERA últ.2 sal.=3.0 | ERA efectiva=3.0
2026-04-07 12:01:09 | DEBUG    | bullpen.obtener_bullpen             | Bullpen Toronto Blue Jays: ERA=3.963 WHIP=1.273 IP=535.7 (18 relievers)
2026-04-07 12:01:09 | DEBUG    | bullpen.obtener_bullpen             | Bullpen Los Angeles Dodgers: ERA=4.244 WHIP=1.32 IP=625.8 (19 relievers)
2026-04-07 12:01:10 | DEBUG    | pitching.get_pitcher_stats          | Taj Bradley: ERA temp=0.87 | ERA últ.2 sal.=0.891 | ERA efectiva=0.878
2026-04-07 12:01:11 | DEBUG    | pitching.get_pitcher_stats          | Tarik Skubal: ERA temp=0.69 | ERA últ.2 sal.=0.692 | ERA efectiva=0.691
2026-04-07 12:01:11 | DEBUG    | bullpen.obtener_bullpen             | Bullpen Minnesota Twins: ERA=4.658 WHIP=1.407 IP=550.9 (21 relievers)
2026-04-07 12:01:12 | DEBUG    | bullpen.obtener_bullpen             | Bullpen Detroit Tigers: ERA=3.701 WHIP=1.254 IP=569.7 (18 relievers)
2026-04-07 12:01:13 | DEBUG    | pitching.get_pitcher_stats          | Nathan Eovaldi: ERA temp=11.42 | ERA últ.2 sal.=12.073 | ERA efectiva=11.652
2026-04-07 12:01:14 | DEBUG    | pitching.get_pitcher_stats          | George Kirby: ERA temp=3.75 | ERA últ.2 sal.=3.75 | ERA efectiva=3.75
2026-04-07 12:01:14 | DEBUG    | bullpen.obtener_bullpen             | Bullpen Texas Rangers: ERA=3.466 WHIP=1.189 IP=571.9 (14 relievers)
2026-04-07 12:01:15 | DEBUG    | bullpen.obtener_bullpen             | Bullpen Seattle Mariners: ERA=3.701 WHIP=1.255 IP=551.5 (18 relievers)
2026-04-07 12:01:16 | DEBUG    | pitching.get_pitcher_stats          | Kyle Freeland: ERA temp=2.89 | ERA últ.2 sal.=2.967 | ERA efectiva=2.921
2026-04-07 12:01:17 | DEBUG    | pitching.get_pitcher_stats          | Mike Burrows: ERA temp=5.91 | ERA últ.2 sal.=6.176 | ERA efectiva=6.016
2026-04-07 12:01:17 | DEBUG    | bullpen.obtener_bullpen             | Bullpen Colorado Rockies: ERA=5.108 WHIP=1.482 IP=597.2 (16 relievers)
2026-04-07 12:01:18 | DEBUG    | bullpen.obtener_bullpen             | Bullpen Houston Astros: ERA=3.463 WHIP=1.17 IP=528.9 (17 relievers)
2026-04-07 12:01:19 | DEBUG    | pitching.get_pitcher_stats          | Yusei Kikuchi: ERA temp=6.52 | ERA últ.2 sal.=6.848 | ERA efectiva=6.651
2026-04-07 12:01:19 | DEBUG    | pitching.get_pitcher_stats          | Reynaldo López: ERA temp=1.64 | ERA últ.2 sal.=1.636 | ERA efectiva=1.638
2026-04-07 12:01:20 | DEBUG    | bullpen.obtener_bullpen             | Bullpen Los Angeles Angels: ERA=4.53 WHIP=1.367 IP=558.0 (22 relievers)
2026-04-07 12:01:20 | DEBUG    | bullpen.obtener_bullpen             | Bullpen Atlanta Braves: ERA=3.986 WHIP=1.229 IP=531.3 (18 relievers)
2026-04-07 12:01:21 | DEBUG    | pitching.get_pitcher_stats          | Robbie Ray: ERA temp=3.38 | ERA últ.2 sal.=3.529 | ERA efectiva=3.44
2026-04-07 12:01:22 | DEBUG    | pitching.get_pitcher_stats          | Cristopher Sánchez: ERA temp=0.79 | ERA últ.2 sal.=0.811 | ERA efectiva=0.798
2026-04-07 12:01:23 | DEBUG    | bullpen.obtener_bullpen             | Bullpen San Francisco Giants: ERA=3.658 WHIP=1.235 IP=519.1 (15 relievers)
2026-04-07 12:01:23 | DEBUG    | bullpen.obtener_bullpen             | Bullpen Philadelphia Phillies: ERA=4.234 WHIP=1.312 IP=478.5 (16 relievers)
2026-04-07 12:01:23 | INFO     | pitching.analizar_pitchers          | Pitchers analizados: 15 partidos.
2026-04-07 12:01:23 | INFO     | main.main                           | Partidos válidos: 15 / 15
2026-04-07 12:01:23 | INFO     | main.main                           | Analizando ofensiva...
2026-04-07 12:01:24 | DEBUG    | offense.obtener_stats_ofensivas     | Offense Cleveland Guardians vsLHP: OPS equipo=0.661 (fallback)
2026-04-07 12:01:24 | DEBUG    | offense.obtener_stats_ofensivas     | Offense Kansas City Royals vsRHP: OPS equipo=0.758 (fallback)
2026-04-07 12:01:24 | DEBUG    | offense.analizar_ofensiva           | OFFENSE Cleveland Guardians (vsLHP OPS=0.661 R/5=4.5) | Kansas City Royals (vsRHP OPS=0.758 R/5=4.5)
2026-04-07 12:01:25 | DEBUG    | offense.obtener_stats_ofensivas     | Offense Chicago White Sox vsLHP: OPS equipo=0.79 (fallback)
2026-04-07 12:01:26 | DEBUG    | offense.obtener_stats_ofensivas     | Offense Baltimore Orioles vsRHP: OPS equipo=0.684 (fallback)
2026-04-07 12:01:26 | DEBUG    | offense.analizar_ofensiva           | OFFENSE Chicago White Sox (vsLHP OPS=0.79 R/5=4.5) | Baltimore Orioles (vsRHP OPS=0.684 R/5=4.5)
2026-04-07 12:01:26 | DEBUG    | offense.obtener_stats_ofensivas     | Offense New York Mets vsRHP: OPS equipo=0.722 (fallback)
2026-04-07 12:01:27 | DEBUG    | offense.obtener_stats_ofensivas     | Offense Arizona Diamondbacks vsRHP: OPS equipo=0.61 (fallback)
2026-04-07 12:01:27 | DEBUG    | offense.analizar_ofensiva           | OFFENSE New York Mets (vsRHP OPS=0.722 R/5=4.5) | Arizona Diamondbacks (vsRHP OPS=0.61 R/5=4.5)
2026-04-07 12:01:28 | DEBUG    | offense.obtener_stats_ofensivas     | Offense Pittsburgh Pirates vsRHP: OPS equipo=0.739 (fallback)
2026-04-07 12:01:29 | DEBUG    | offense.obtener_stats_ofensivas     | Offense San Diego Padres vsRHP: OPS equipo=0.645 (fallback)
2026-04-07 12:01:29 | DEBUG    | offense.analizar_ofensiva           | OFFENSE Pittsburgh Pirates (vsRHP OPS=0.739 R/5=4.5) | San Diego Padres (vsRHP OPS=0.645 R/5=4.5)
2026-04-07 12:01:29 | DEBUG    | offense.obtener_stats_ofensivas     | Offense Tampa Bay Rays vsRHP: OPS equipo=0.78 (fallback)
2026-04-07 12:01:30 | DEBUG    | offense.obtener_stats_ofensivas     | Offense Chicago Cubs vsRHP: OPS equipo=0.604 (fallback)
2026-04-07 12:01:30 | DEBUG    | offense.analizar_ofensiva           | OFFENSE Tampa Bay Rays (vsRHP OPS=0.78 R/5=4.5) | Chicago Cubs (vsRHP OPS=0.604 R/5=4.5)
2026-04-07 12:01:31 | DEBUG    | offense.obtener_stats_ofensivas     | Offense Miami Marlins vsLHP: OPS equipo=0.641 (fallback)
2026-04-07 12:01:32 | DEBUG    | offense.obtener_stats_ofensivas     | Offense Cincinnati Reds vsRHP: OPS equipo=0.606 (fallback)
2026-04-07 12:01:32 | DEBUG    | offense.analizar_ofensiva           | OFFENSE Miami Marlins (vsLHP OPS=0.641 R/5=4.5) | Cincinnati Reds (vsRHP OPS=0.606 R/5=4.5)
2026-04-07 12:01:32 | DEBUG    | offense.obtener_stats_ofensivas     | Offense Washington Nationals vsLHP: OPS pond.=0.404 (1/1 con split)
2026-04-07 12:01:33 | DEBUG    | offense.obtener_stats_ofensivas     | Offense St. Louis Cardinals vsRHP: OPS equipo=0.619 (fallback)
2026-04-07 12:01:33 | DEBUG    | offense.analizar_ofensiva           | OFFENSE Washington Nationals (vsLHP OPS=0.404 R/5=4.5) | St. Louis Cardinals (vsRHP OPS=0.619 R/5=4.5)
2026-04-07 12:01:34 | DEBUG    | offense.obtener_stats_ofensivas     | Offense Boston Red Sox vsRHP: OPS equipo=0.669 (fallback)
2026-04-07 12:01:34 | DEBUG    | offense.obtener_stats_ofensivas     | Offense Milwaukee Brewers vsLHP: OPS equipo=0.733 (fallback)
2026-04-07 12:01:34 | DEBUG    | offense.analizar_ofensiva           | OFFENSE Boston Red Sox (vsRHP OPS=0.669 R/5=4.5) | Milwaukee Brewers (vsLHP OPS=0.733 R/5=4.5)
2026-04-07 12:01:35 | DEBUG    | offense.obtener_stats_ofensivas     | Offense New York Yankees vsRHP: OPS equipo=0.742 (fallback)
2026-04-07 12:01:36 | DEBUG    | offense.obtener_stats_ofensivas     | Offense Athletics vsRHP: OPS equipo=0.691 (fallback)
2026-04-07 12:01:36 | DEBUG    | offense.analizar_ofensiva           | OFFENSE New York Yankees (vsRHP OPS=0.742 R/5=4.5) | Athletics (vsRHP OPS=0.691 R/5=4.5)
2026-04-07 12:01:36 | DEBUG    | offense.obtener_stats_ofensivas     | Offense Toronto Blue Jays vsRHP: OPS equipo=0.688 (fallback)
2026-04-07 12:01:37 | DEBUG    | offense.obtener_stats_ofensivas     | Offense Los Angeles Dodgers vsRHP: OPS equipo=0.913 (fallback)
2026-04-07 12:01:37 | DEBUG    | offense.analizar_ofensiva           | OFFENSE Toronto Blue Jays (vsRHP OPS=0.688 R/5=4.5) | Los Angeles Dodgers (vsRHP OPS=0.913 R/5=4.5)
2026-04-07 12:01:38 | DEBUG    | offense.obtener_stats_ofensivas     | Offense Minnesota Twins vsLHP: OPS equipo=0.543 (fallback)
2026-04-07 12:01:39 | DEBUG    | offense.obtener_stats_ofensivas     | Offense Detroit Tigers vsRHP: OPS equipo=0.708 (fallback)
2026-04-07 12:01:39 | DEBUG    | offense.analizar_ofensiva           | OFFENSE Minnesota Twins (vsLHP OPS=0.543 R/5=4.5) | Detroit Tigers (vsRHP OPS=0.708 R/5=4.5)
2026-04-07 12:01:39 | DEBUG    | offense.obtener_stats_ofensivas     | Offense Texas Rangers vsRHP: OPS equipo=0.715 (fallback)
2026-04-07 12:01:40 | DEBUG    | offense.obtener_stats_ofensivas     | Offense Seattle Mariners vsRHP: OPS equipo=0.637 (fallback)
2026-04-07 12:01:40 | DEBUG    | offense.analizar_ofensiva           | OFFENSE Texas Rangers (vsRHP OPS=0.715 R/5=4.5) | Seattle Mariners (vsRHP OPS=0.637 R/5=4.5)
2026-04-07 12:01:40 | DEBUG    | offense.obtener_stats_ofensivas     | Offense Colorado Rockies vsRHP: OPS equipo=0.675 (fallback)
2026-04-07 12:01:41 | DEBUG    | offense.obtener_stats_ofensivas     | Offense Houston Astros vsLHP: OPS pond.=0.73 (0/1 con split)
2026-04-07 12:01:41 | DEBUG    | offense.analizar_ofensiva           | OFFENSE Colorado Rockies (vsRHP OPS=0.675 R/5=4.5) | Houston Astros (vsLHP OPS=0.73 R/5=4.5)
2026-04-07 12:01:42 | DEBUG    | offense.obtener_stats_ofensivas     | Offense Los Angeles Angels vsRHP: OPS pond.=0.793 (1/1 con split)
2026-04-07 12:01:43 | DEBUG    | offense.obtener_stats_ofensivas     | Offense Atlanta Braves vsLHP: OPS equipo=0.726 (fallback)
2026-04-07 12:01:43 | DEBUG    | offense.analizar_ofensiva           | OFFENSE Los Angeles Angels (vsRHP OPS=0.793 R/5=4.5) | Atlanta Braves (vsLHP OPS=0.726 R/5=4.5)
2026-04-07 12:01:43 | DEBUG    | offense.obtener_stats_ofensivas     | Offense San Francisco Giants vsLHP: OPS equipo=0.672 (fallback)
2026-04-07 12:01:44 | DEBUG    | offense.obtener_stats_ofensivas     | Offense Philadelphia Phillies vsLHP: OPS equipo=0.535 (fallback)
2026-04-07 12:01:44 | DEBUG    | offense.analizar_ofensiva           | OFFENSE San Francisco Giants (vsLHP OPS=0.672 R/5=4.5) | Philadelphia Phillies (vsLHP OPS=0.535 R/5=4.5)
2026-04-07 12:01:44 | INFO     | main.main                           | Analizando defensiva...
2026-04-07 12:01:52 | INFO     | main.main                           | Analizando historial H2H...
2026-04-07 12:02:01 | INFO     | main.main                           | Analizando contexto ambiental...
2026-04-07 12:02:01 | DEBUG    | context.analizar_contexto           | Analizando contexto ambiental...
2026-04-07 12:02:12 | DEBUG    | context.analizar_contexto           | Contexto Cleveland Guardians vs Kansas City Royals: {'temperatura': 9.8, 'viento_kph': 14.1, 'condiciones': 'Nublado'} @ 13h
2026-04-07 12:02:13 | DEBUG    | context.analizar_contexto           | Contexto Chicago White Sox vs Baltimore Orioles: {'temperatura': 9.8, 'viento_kph': 14.1, 'condiciones': 'Nublado'} @ 15h
2026-04-07 12:02:14 | DEBUG    | context.analizar_contexto           | Contexto New York Mets vs Arizona Diamondbacks: {'temperatura': 9.8, 'viento_kph': 14.1, 'condiciones': 'Nublado'} @ 16h
2026-04-07 12:02:15 | DEBUG    | context.analizar_contexto           | Contexto Pittsburgh Pirates vs San Diego Padres: {'temperatura': 9.8, 'viento_kph': 14.1, 'condiciones': 'Nublado'} @ 18h
2026-04-07 12:02:16 | DEBUG    | context.analizar_contexto           | Contexto Tampa Bay Rays vs Chicago Cubs: {'temperatura': 9.8, 'viento_kph': 14.1, 'condiciones': 'Nublado'} @ 18h
2026-04-07 12:02:17 | DEBUG    | context.analizar_contexto           | Contexto Miami Marlins vs Cincinnati Reds: {'temperatura': 9.8, 'viento_kph': 14.1, 'condiciones': 'Nublado'} @ 18h
2026-04-07 12:02:18 | DEBUG    | context.analizar_contexto           | Contexto Washington Nationals vs St. Louis Cardinals: {'temperatura': 9.8, 'viento_kph': 14.1, 'condiciones': 'Nublado'} @ 18h
2026-04-07 12:02:19 | DEBUG    | context.analizar_contexto           | Contexto Boston Red Sox vs Milwaukee Brewers: {'temperatura': 9.8, 'viento_kph': 14.1, 'condiciones': 'Nublado'} @ 18h
2026-04-07 12:02:20 | DEBUG    | context.analizar_contexto           | Contexto New York Yankees vs Athletics: {'temperatura': 9.8, 'viento_kph': 14.1, 'condiciones': 'Nublado'} @ 19h
2026-04-07 12:02:21 | DEBUG    | context.analizar_contexto           | Contexto Toronto Blue Jays vs Los Angeles Dodgers: {'temperatura': 9.8, 'viento_kph': 14.1, 'condiciones': 'Nublado'} @ 19h
2026-04-07 12:02:22 | DEBUG    | context.analizar_contexto           | Contexto Minnesota Twins vs Detroit Tigers: {'temperatura': 9.8, 'viento_kph': 14.1, 'condiciones': 'Nublado'} @ 19h
2026-04-07 12:02:23 | DEBUG    | context.analizar_contexto           | Contexto Texas Rangers vs Seattle Mariners: {'temperatura': 9.8, 'viento_kph': 14.1, 'condiciones': 'Nublado'} @ 20h
2026-04-07 12:02:24 | DEBUG    | context.analizar_contexto           | Contexto Colorado Rockies vs Houston Astros: {'temperatura': 9.8, 'viento_kph': 14.1, 'condiciones': 'Nublado'} @ 20h
2026-04-07 12:02:25 | DEBUG    | context.analizar_contexto           | Contexto Los Angeles Angels vs Atlanta Braves: {'temperatura': 9.8, 'viento_kph': 14.1, 'condiciones': 'Nublado'} @ 21h
2026-04-07 12:02:26 | DEBUG    | context.analizar_contexto           | Contexto San Francisco Giants vs Philadelphia Phillies: {'temperatura': 9.8, 'viento_kph': 14.1, 'condiciones': 'Nublado'} @ 21h
2026-04-07 12:02:26 | INFO     | main.main                           | Proyectando totales...
2026-04-07 12:02:26 | DEBUG    | projections.proyectar_totales       | Cleveland Guardians vs Kansas City Royals | venue=Progressive Field tipo=abierto T_ext=9.8°C T_ef=9.8°C adj=-4% PF_base=0.97 PF_final=0.931 | ERA_ef=1.128/2.327 FIP=4.465/4.066 | Proy: 2.757 - 3.391 (total=6.148)
2026-04-07 12:02:26 | DEBUG    | projections.proyectar_totales       | Chicago White Sox vs Baltimore Orioles | venue=Rate Field tipo=abierto T_ext=9.8°C T_ef=9.8°C adj=-4% PF_base=1.0 PF_final=0.96 | ERA_ef=1.382/12.0 FIP=4.201/4.71 | Proy: 2.997 - 6.379 (total=9.376)
2026-04-07 12:02:26 | DEBUG    | projections.proyectar_totales       | New York Mets vs Arizona Diamondbacks | venue=Citi Field tipo=abierto T_ext=9.8°C T_ef=9.8°C adj=-4% PF_base=0.95 PF_final=0.912 | ERA_ef=3.6/4.392 FIP=4.543/3.23 | Proy: 4.328 - 3.178 (total=7.506)
2026-04-07 12:02:26 | DEBUG    | projections.proyectar_totales       | Pittsburgh Pirates vs San Diego Padres | venue=PNC Park tipo=abierto T_ext=9.8°C T_ef=9.8°C adj=-4% PF_base=0.94 PF_final=0.902 | ERA_ef=6.75/6.438 FIP=3.125/3.668 | Proy: 4.49 - 3.968 (total=8.458)
2026-04-07 12:02:26 | DEBUG    | projections.proyectar_totales       | Tampa Bay Rays vs Chicago Cubs | venue=Tropicana Field tipo=cerrado T_ext=9.8°C T_ef=21.0°C adj=+0% PF_base=0.91 PF_final=0.91 | ERA_ef=4.5/1.8 FIP=4.214/4.252 | Proy: 4.373 - 2.941 (total=7.314)
2026-04-07 12:02:26 | DEBUG    | projections.proyectar_totales       | Miami Marlins vs Cincinnati Reds | venue=loanDepot park tipo=cerrado T_ext=9.8°C T_ef=21.0°C adj=+0% PF_base=0.92 PF_final=0.92 | ERA_ef=3.14/0.5 FIP=3.992/3.809 | Proy: 4.027 - 2.542 (total=6.569)
2026-04-07 12:02:26 | DEBUG    | projections.proyectar_totales       | Washington Nationals vs St. Louis Cardinals | venue=Nationals Park tipo=abierto T_ext=9.8°C T_ef=9.8°C adj=-4% PF_base=0.96 PF_final=0.922 | ERA_ef=1.638/2.848 FIP=4.637/6.087 | Proy: 3.611 - 4.371 (total=7.982)
2026-04-07 12:02:26 | DEBUG    | projections.proyectar_totales       | Boston Red Sox vs Milwaukee Brewers | venue=Fenway Park tipo=abierto T_ext=9.8°C T_ef=9.8°C adj=-4% PF_base=1.12 PF_final=1.075 | ERA_ef=2.452/3.271 FIP=4.175/4.662 | Proy: 3.707 - 5.195 (total=8.902)
2026-04-07 12:02:26 | DEBUG    | projections.proyectar_totales       | New York Yankees vs Athletics | venue=Yankee Stadium tipo=abierto T_ext=9.8°C T_ef=9.8°C adj=-4% PF_base=1.04 PF_final=0.998 | ERA_ef=3.6/0.5 FIP=5.4/2.301 | Proy: 5.0 - 2.519 (total=7.519)
2026-04-07 12:02:26 | DEBUG    | projections.proyectar_totales       | Toronto Blue Jays vs Los Angeles Dodgers | venue=Rogers Centre tipo=cerrado T_ext=9.8°C T_ef=21.0°C adj=+0% PF_base=0.98 PF_final=0.98 | ERA_ef=3.0/0.75 FIP=3.742/2.942 | Proy: 3.66 - 2.995 (total=6.655)
2026-04-07 12:02:26 | DEBUG    | projections.proyectar_totales       | Minnesota Twins vs Detroit Tigers | venue=Target Field tipo=abierto T_ext=9.8°C T_ef=9.8°C adj=-4% PF_base=0.98 PF_final=0.941 | ERA_ef=0.691/0.878 FIP=4.007/4.203 | Proy: 2.631 - 3.186 (total=5.817)
2026-04-07 12:02:26 | DEBUG    | projections.proyectar_totales       | Texas Rangers vs Seattle Mariners | venue=Globe Life Field tipo=retractil_cerrado T_ext=9.8°C T_ef=21.0°C adj=-2% PF_base=1.1 PF_final=1.078 | ERA_ef=3.75/11.652 FIP=2.71/3.4 | Proy: 3.613 - 5.805 (total=9.418)
2026-04-07 12:02:26 | DEBUG    | projections.proyectar_totales       | Colorado Rockies vs Houston Astros | venue=Coors Field tipo=abierto T_ext=9.8°C T_ef=9.8°C adj=-6% PF_base=1.34 PF_final=1.26 | ERA_ef=6.016/2.921 FIP=4.976/4.008 | Proy: 5.807 - 6.401 (total=12.208)
2026-04-07 12:02:26 | DEBUG    | projections.proyectar_totales       | Los Angeles Angels vs Atlanta Braves | venue=Angel Stadium tipo=abierto T_ext=9.8°C T_ef=9.8°C adj=-6% PF_base=1.0 PF_final=0.94 | ERA_ef=1.638/6.651 FIP=2.988/3.527 | Proy: 2.516 - 5.117 (total=7.633)
2026-04-07 12:02:26 | DEBUG    | projections.proyectar_totales       | San Francisco Giants vs Philadelphia Phillies | venue=Oracle Park tipo=abierto T_ext=9.8°C T_ef=9.8°C adj=-6% PF_base=0.93 PF_final=0.874 | ERA_ef=0.798/3.44 FIP=2.99/3.684 | Proy: 2.0 - 3.263 (total=5.263)
2026-04-07 12:02:26 | INFO     | main.main                           | Aplicando simulaciones Poisson...
2026-04-07 12:02:33 | INFO     | main.main                           | Obteniendo cuotas (The Odds API)...
2026-04-07 12:02:33 | DEBUG    | line_movement.guardar_snapshot_diar | Snapshot de líneas guardado: 15 eventos @ 2026-04-07T18:02
2026-04-07 12:02:33 | DEBUG    | markets.analizar_mercados           | Procesando mercados de apuestas...
2026-04-07 12:02:33 | INFO     | main.main                           | Partidos con cuotas disponibles: 15
2026-04-07 12:02:33 | INFO     | main.main                           | Calculando valor esperado y picks...
2026-04-07 12:02:34 | DEBUG    | value.analizar_valor                | Cleveland Guardians vs Kansas City Royals | Proy: 2.76-3.39 | ML: Kansas City Royals EV=6.6 stake=5.0% | RL: Kansas City Royals EV=-16.8 stake=0.0% | Total: Over EV=43.9 stake=5.0% | Mejor: TOTAL: Over
2026-04-07 12:02:34 | DEBUG    | value.analizar_valor                | Chicago White Sox vs Baltimore Orioles | Proy: 3.00-6.38 | ML: Baltimore Orioles EV=53.4 stake=5.0% | RL: Baltimore Orioles EV=63.6 stake=5.0% | Total: Over EV=80.8 stake=5.0% | Mejor: TOTAL: Over
2026-04-07 12:02:34 | DEBUG    | value.analizar_valor                | New York Mets vs Arizona Diamondbacks | Proy: 4.33-3.18 | ML: New York Mets EV=-1.1 stake=0.0% | RL: New York Mets EV=11.0 stake=3.67% | Total: Sin ventaja clara EV=0.0 stake=0.0% | Mejor: RL: New York Mets
2026-04-07 12:02:34 | DEBUG    | value.analizar_valor                | Pittsburgh Pirates vs San Diego Padres | Proy: 4.49-3.97 | ML: San Diego Padres EV=14.7 stake=5.0% | RL: Pittsburgh Pirates EV=-7.1 stake=0.0% | Total: Over EV=47.9 stake=5.0% | Mejor: TOTAL: Over
2026-04-07 12:02:34 | DEBUG    | value.analizar_valor                | Tampa Bay Rays vs Chicago Cubs | Proy: 4.37-2.94 | ML: Tampa Bay Rays EV=14.7 stake=5.0% | RL: Tampa Bay Rays EV=30.8 stake=5.0% | Total: Sin ventaja clara EV=0.0 stake=0.0% | Mejor: ML: Tampa Bay Rays
2026-04-07 12:02:34 | DEBUG    | value.analizar_valor                | Miami Marlins vs Cincinnati Reds | Proy: 4.03-2.54 | ML: Miami Marlins EV=13.4 stake=5.0% | RL: Miami Marlins EV=29.2 stake=5.0% | Total: Under EV=6.8 stake=0.0% | Mejor: ML: Miami Marlins
2026-04-07 12:02:34 | DEBUG    | value.analizar_valor                | Washington Nationals vs St. Louis Cardinals | Proy: 3.61-4.37 | ML: St. Louis Cardinals EV=36.1 stake=5.0% | RL: St. Louis Cardinals EV=6.7 stake=1.95% | Total: Sin ventaja clara EV=0.0 stake=0.0% | Mejor: ML: St. Louis Cardinals
2026-04-07 12:02:34 | DEBUG    | value.analizar_valor                | Boston Red Sox vs Milwaukee Brewers | Proy: 3.71-5.20 | ML: Milwaukee Brewers EV=75.4 stake=5.0% | RL: Milwaukee Brewers EV=-20.5 stake=0.0% | Total: Over EV=36.9 stake=5.0% | Mejor: ML: Milwaukee Brewers
2026-04-07 12:02:34 | DEBUG    | value.analizar_valor                | New York Yankees vs Athletics | Proy: 5.00-2.52 | ML: New York Yankees EV=9.5 stake=5.0% | RL: New York Yankees EV=22.6 stake=5.0% | Total: Under EV=5.9 stake=2.88% | Mejor: RL: New York Yankees
2026-04-07 12:02:34 | DEBUG    | value.analizar_valor                | Toronto Blue Jays vs Los Angeles Dodgers | Proy: 3.66-3.00 | ML: Toronto Blue Jays EV=20.4 stake=5.0% | RL: Toronto Blue Jays EV=-35.0 stake=0.0% | Total: Under EV=31.3 stake=5.0% | Mejor: TOTAL: Under
2026-04-07 12:02:34 | DEBUG    | value.analizar_valor                | Minnesota Twins vs Detroit Tigers | Proy: 2.63-3.19 | ML: Detroit Tigers EV=8.2 stake=5.0% | RL: Detroit Tigers EV=-27.4 stake=0.0% | Total: Under EV=27.1 stake=5.0% | Mejor: TOTAL: Under
2026-04-07 12:02:34 | DEBUG    | value.analizar_valor                | Texas Rangers vs Seattle Mariners | Proy: 3.61-5.80 | ML: Seattle Mariners EV=54.4 stake=5.0% | RL: Seattle Mariners EV=46.2 stake=5.0% | Total: Over EV=40.9 stake=5.0% | Mejor: ML: Seattle Mariners
2026-04-07 12:02:34 | DEBUG    | value.analizar_valor                | Colorado Rockies vs Houston Astros | Proy: 5.81-6.40 | ML: Houston Astros EV=1.2 stake=0.98% | RL: Houston Astros EV=-25.7 stake=0.0% | Total: Over EV=15.8 stake=5.0% | Mejor: TOTAL: Over
2026-04-07 12:02:35 | DEBUG    | value.analizar_valor                | Los Angeles Angels vs Atlanta Braves | Proy: 2.52-5.12 | ML: Atlanta Braves EV=52.1 stake=5.0% | RL: Atlanta Braves EV=46.4 stake=5.0% | Total: Under EV=1.1 stake=0.0% | Mejor: ML: Atlanta Braves
2026-04-07 12:02:35 | DEBUG    | value.analizar_valor                | San Francisco Giants vs Philadelphia Phillies | Proy: 2.00-3.26 | ML: Philadelphia Phillies EV=30.8 stake=5.0% | RL: Philadelphia Phillies EV=-1.0 stake=0.0% | Total: Under EV=45.2 stake=5.0% | Mejor: TOTAL: Under
2026-04-07 12:02:35 | INFO     | main.main                           | Analizando movimiento de línea...
2026-04-07 12:02:35 | DEBUG    | line_movement.analizar_movimiento   | Sin suficientes snapshots para detectar movimiento (necesita >= 2).
2026-04-07 12:02:35 | INFO     | main.main                           | Actualizando resultados de picks anteriores...
2026-04-07 12:02:36 | INFO     | main.main                           | ROI | Resueltos: 46 | Wins: 27 | ROI: 17.63% | Ganancia: 8.11 u | Pendientes: 15
2026-04-07 12:02:36 | INFO     | main.main                           | CSV exportado → output/predicciones_2026-04-07.csv
2026-04-07 12:02:36 | INFO     | main.main                           | =======================================================
2026-04-07 12:02:36 | INFO     | main.main                           | PICKS DEL DÍA
2026-04-07 12:02:36 | INFO     | main.main                           | =======================================================
2026-04-07 12:02:36 | INFO     | main.main                           | Cleveland Guardians vs Kansas City Royals
2026-04-07 12:02:36 | DEBUG    | main.main                           |   Pitchers : Noah Cameron vs Gavin Williams
2026-04-07 12:02:36 | DEBUG    | main.main                           |   Proy     : 2.76 - 3.39
2026-04-07 12:02:36 | DEBUG    | main.main                           |   ML pick  : Kansas City Royals (EV 6.6)
2026-04-07 12:02:36 | DEBUG    | main.main                           |   RL pick  : Kansas City Royals (EV -16.8)
2026-04-07 12:02:36 | DEBUG    | main.main                           |   Total    : Over 4.5
2026-04-07 12:02:36 | INFO     | main.main                           |   ✔ TOTAL: Over | Stake: 5.0%
2026-04-07 12:02:36 | INFO     | main.main                           | Chicago White Sox vs Baltimore Orioles
2026-04-07 12:02:36 | DEBUG    | main.main                           |   Pitchers : Trevor Rogers vs Shane Smith
2026-04-07 12:02:36 | DEBUG    | main.main                           |   Proy     : 3.00 - 6.38
2026-04-07 12:02:36 | DEBUG    | main.main                           |   ML pick  : Baltimore Orioles (EV 53.4)
2026-04-07 12:02:36 | DEBUG    | main.main                           |   RL pick  : Baltimore Orioles (EV 63.6)
2026-04-07 12:02:36 | DEBUG    | main.main                           |   Total    : Over 6.5
2026-04-07 12:02:36 | INFO     | main.main                           |   ✔ TOTAL: Over | Stake: 5.0%
2026-04-07 12:02:36 | INFO     | main.main                           | New York Mets vs Arizona Diamondbacks
2026-04-07 12:02:36 | DEBUG    | main.main                           |   Pitchers : Zac Gallen vs Freddy Peralta
2026-04-07 12:02:36 | DEBUG    | main.main                           |   Proy     : 4.33 - 3.18
2026-04-07 12:02:36 | DEBUG    | main.main                           |   ML pick  : New York Mets (EV -1.1)
2026-04-07 12:02:36 | DEBUG    | main.main                           |   RL pick  : New York Mets (EV 11.0)
2026-04-07 12:02:36 | DEBUG    | main.main                           |   Total    : Sin ventaja clara 7.0
2026-04-07 12:02:36 | INFO     | main.main                           |   ✔ RL: New York Mets | Stake: 3.67%
2026-04-07 12:02:36 | INFO     | main.main                           | Pittsburgh Pirates vs San Diego Padres
2026-04-07 12:02:36 | DEBUG    | main.main                           |   Pitchers : Nick Pivetta vs Paul Skenes
2026-04-07 12:02:36 | DEBUG    | main.main                           |   Proy     : 4.49 - 3.97
2026-04-07 12:02:36 | DEBUG    | main.main                           |   ML pick  : San Diego Padres (EV 14.7)
2026-04-07 12:02:36 | DEBUG    | main.main                           |   RL pick  : Pittsburgh Pirates (EV -7.1)
2026-04-07 12:02:36 | DEBUG    | main.main                           |   Total    : Over 6.5
2026-04-07 12:02:36 | INFO     | main.main                           |   ✔ TOTAL: Over | Stake: 5.0%
2026-04-07 12:02:36 | INFO     | main.main                           | Tampa Bay Rays vs Chicago Cubs
2026-04-07 12:02:36 | DEBUG    | main.main                           |   Pitchers : Javier Assad vs Drew Rasmussen
2026-04-07 12:02:36 | DEBUG    | main.main                           |   Proy     : 4.37 - 2.94
2026-04-07 12:02:36 | DEBUG    | main.main                           |   ML pick  : Tampa Bay Rays (EV 14.7)
2026-04-07 12:02:36 | DEBUG    | main.main                           |   RL pick  : Tampa Bay Rays (EV 30.8)
2026-04-07 12:02:36 | DEBUG    | main.main                           |   Total    : Sin ventaja clara 7.5
2026-04-07 12:02:36 | INFO     | main.main                           |   ✔ ML: Tampa Bay Rays | Stake: 5.0%
2026-04-07 12:02:36 | INFO     | main.main                           | Miami Marlins vs Cincinnati Reds
2026-04-07 12:02:36 | DEBUG    | main.main                           |   Pitchers : Andrew Abbott vs Sandy Alcantara
2026-04-07 12:02:36 | DEBUG    | main.main                           |   Proy     : 4.03 - 2.54
2026-04-07 12:02:36 | DEBUG    | main.main                           |   ML pick  : Miami Marlins (EV 13.4)
2026-04-07 12:02:36 | DEBUG    | main.main                           |   RL pick  : Miami Marlins (EV 29.2)
2026-04-07 12:02:36 | DEBUG    | main.main                           |   Total    : Under 7.5
2026-04-07 12:02:36 | INFO     | main.main                           |   ✔ ML: Miami Marlins | Stake: 5.0%
2026-04-07 12:02:36 | INFO     | main.main                           | Washington Nationals vs St. Louis Cardinals
2026-04-07 12:02:36 | DEBUG    | main.main                           |   Pitchers : Matthew Liberatore vs Cade Cavalli
2026-04-07 12:02:36 | DEBUG    | main.main                           |   Proy     : 3.61 - 4.37
2026-04-07 12:02:36 | DEBUG    | main.main                           |   ML pick  : St. Louis Cardinals (EV 36.1)
2026-04-07 12:02:36 | DEBUG    | main.main                           |   RL pick  : St. Louis Cardinals (EV 6.7)
2026-04-07 12:02:36 | DEBUG    | main.main                           |   Total    : Sin ventaja clara 7.5
2026-04-07 12:02:36 | INFO     | main.main                           |   ✔ ML: St. Louis Cardinals | Stake: 5.0%
2026-04-07 12:02:36 | INFO     | main.main                           | Boston Red Sox vs Milwaukee Brewers
2026-04-07 12:02:36 | DEBUG    | main.main                           |   Pitchers : Jacob Misiorowski vs Garrett Crochet
2026-04-07 12:02:36 | DEBUG    | main.main                           |   Proy     : 3.71 - 5.20
2026-04-07 12:02:36 | DEBUG    | main.main                           |   ML pick  : Milwaukee Brewers (EV 75.4)
2026-04-07 12:02:36 | DEBUG    | main.main                           |   RL pick  : Milwaukee Brewers (EV -20.5)
2026-04-07 12:02:36 | DEBUG    | main.main                           |   Total    : Over 7.0
2026-04-07 12:02:36 | INFO     | main.main                           |   ✔ ML: Milwaukee Brewers | Stake: 5.0%
2026-04-07 12:02:36 | INFO     | main.main                           | New York Yankees vs Athletics
2026-04-07 12:02:36 | DEBUG    | main.main                           |   Pitchers : Aaron Civale vs Cam Schlittler
2026-04-07 12:02:36 | DEBUG    | main.main                           |   Proy     : 5.00 - 2.52
2026-04-07 12:02:36 | DEBUG    | main.main                           |   ML pick  : New York Yankees (EV 9.5)
2026-04-07 12:02:36 | DEBUG    | main.main                           |   RL pick  : New York Yankees (EV 22.6)
2026-04-07 12:02:36 | DEBUG    | main.main                           |   Total    : Under 8.5
2026-04-07 12:02:36 | INFO     | main.main                           |   ✔ RL: New York Yankees | Stake: 5.0%
2026-04-07 12:02:36 | INFO     | main.main                           | Toronto Blue Jays vs Los Angeles Dodgers
2026-04-07 12:02:36 | DEBUG    | main.main                           |   Pitchers : Yoshinobu Yamamoto vs Kevin Gausman
2026-04-07 12:02:36 | DEBUG    | main.main                           |   Proy     : 3.66 - 3.00
2026-04-07 12:02:36 | DEBUG    | main.main                           |   ML pick  : Toronto Blue Jays (EV 20.4)
2026-04-07 12:02:36 | DEBUG    | main.main                           |   RL pick  : Toronto Blue Jays (EV -35.0)
2026-04-07 12:02:36 | DEBUG    | main.main                           |   Total    : Under 8.0
2026-04-07 12:02:36 | INFO     | main.main                           |   ✔ TOTAL: Under | Stake: 5.0%
2026-04-07 12:02:36 | INFO     | main.main                           | Minnesota Twins vs Detroit Tigers
2026-04-07 12:02:36 | DEBUG    | main.main                           |   Pitchers : Tarik Skubal vs Taj Bradley
2026-04-07 12:02:36 | DEBUG    | main.main                           |   Proy     : 2.63 - 3.19
2026-04-07 12:02:36 | DEBUG    | main.main                           |   ML pick  : Detroit Tigers (EV 8.2)
2026-04-07 12:02:36 | DEBUG    | main.main                           |   RL pick  : Detroit Tigers (EV -27.4)
2026-04-07 12:02:36 | DEBUG    | main.main                           |   Total    : Under 7.0
2026-04-07 12:02:36 | INFO     | main.main                           |   ✔ TOTAL: Under | Stake: 5.0%
2026-04-07 12:02:36 | INFO     | main.main                           | Texas Rangers vs Seattle Mariners
2026-04-07 12:02:36 | DEBUG    | main.main                           |   Pitchers : George Kirby vs Nathan Eovaldi
2026-04-07 12:02:36 | DEBUG    | main.main                           |   Proy     : 3.61 - 5.80
2026-04-07 12:02:36 | DEBUG    | main.main                           |   ML pick  : Seattle Mariners (EV 54.4)
2026-04-07 12:02:36 | DEBUG    | main.main                           |   RL pick  : Seattle Mariners (EV 46.2)
2026-04-07 12:02:36 | DEBUG    | main.main                           |   Total    : Over 7.5
2026-04-07 12:02:36 | INFO     | main.main                           |   ✔ ML: Seattle Mariners | Stake: 5.0%
2026-04-07 12:02:36 | INFO     | main.main                           | Colorado Rockies vs Houston Astros
2026-04-07 12:02:36 | DEBUG    | main.main                           |   Pitchers : Mike Burrows vs Kyle Freeland
2026-04-07 12:02:36 | DEBUG    | main.main                           |   Proy     : 5.81 - 6.40
2026-04-07 12:02:36 | DEBUG    | main.main                           |   ML pick  : Houston Astros (EV 1.2)
2026-04-07 12:02:36 | DEBUG    | main.main                           |   RL pick  : Houston Astros (EV -25.7)
2026-04-07 12:02:36 | DEBUG    | main.main                           |   Total    : Over 11.0
2026-04-07 12:02:36 | INFO     | main.main                           |   ✔ TOTAL: Over | Stake: 5.0%
2026-04-07 12:02:36 | INFO     | main.main                           | Los Angeles Angels vs Atlanta Braves
2026-04-07 12:02:36 | DEBUG    | main.main                           |   Pitchers : Reynaldo López vs Yusei Kikuchi
2026-04-07 12:02:36 | DEBUG    | main.main                           |   Proy     : 2.52 - 5.12
2026-04-07 12:02:36 | DEBUG    | main.main                           |   ML pick  : Atlanta Braves (EV 52.1)
2026-04-07 12:02:36 | DEBUG    | main.main                           |   RL pick  : Atlanta Braves (EV 46.4)
2026-04-07 12:02:36 | DEBUG    | main.main                           |   Total    : Under 8.5
2026-04-07 12:02:36 | INFO     | main.main                           |   ✔ ML: Atlanta Braves | Stake: 5.0%
2026-04-07 12:02:36 | INFO     | main.main                           | San Francisco Giants vs Philadelphia Phillies
2026-04-07 12:02:36 | DEBUG    | main.main                           |   Pitchers : Cristopher Sánchez vs Robbie Ray
2026-04-07 12:02:36 | DEBUG    | main.main                           |   Proy     : 2.00 - 3.26
2026-04-07 12:02:36 | DEBUG    | main.main                           |   ML pick  : Philadelphia Phillies (EV 30.8)
2026-04-07 12:02:36 | DEBUG    | main.main                           |   RL pick  : Philadelphia Phillies (EV -1.0)
2026-04-07 12:02:36 | DEBUG    | main.main                           |   Total    : Under 7.0
2026-04-07 12:02:36 | INFO     | main.main                           |   ✔ TOTAL: Under | Stake: 5.0%
2026-04-07 12:02:36 | INFO     | main.main                           | Enviando picks a Telegram...
2026-04-07 12:02:47 | INFO     | main.main                           | Telegram: picks enviados correctamente.
2026-04-07 12:02:47 | INFO     | main.main                           | Pipeline completado.
